2025-07-31 01:19:11.386 [INFO] ==================================================
2025-07-31 01:19:11.386 [INFO] CellAnalyzer application started
2025-07-31 01:19:11.387 [INFO] ==================================================
2025-07-31 01:19:25.045 [INFO] ParameterTuningWidget::onConfirmClicked() called
2025-07-31 01:19:25.046 [INFO] Parameters: dp=1, minDist=30, param1=80, param2=45, minRadius=30, maxRadius=140
2025-07-31 01:19:25.046 [INFO] MainWindow::onParametersConfirmed() called
2025-07-31 01:19:25.046 [INFO] Saving parameters to settings
2025-07-31 01:19:25.047 [INFO] Parameters saved successfully
2025-07-31 01:19:25.047 [INFO] Cleaning up parameter tuning widget
2025-07-31 01:19:25.047 [INFO] Parameter tuning widget cleaned up
2025-07-31 01:19:25.050 [INFO] Creating ImageProcessor
2025-07-31 01:19:25.050 [INFO] ImageProcessor created successfully
2025-07-31 01:19:25.051 [INFO] Processing 1 images
2025-07-31 01:19:25.283 [INFO] Images processed successfully
2025-07-31 01:19:25.283 [INFO] Detected 77 cells
2025-07-31 01:19:25.283 [INFO] Cleaning up old verification widget
2025-07-31 01:19:25.283 [INFO] Creating copy of detected cells
2025-07-31 01:19:25.283 [INFO] Copied 77 cells
2025-07-31 01:19:25.283 [INFO] ImageProcessor deleted
2025-07-31 01:19:25.284 [INFO] Creating VerificationWidget
2025-07-31 01:19:25.284 [INFO] VerificationWidget constructor called
2025-07-31 01:19:25.284 [INFO] Received 77 cells
2025-07-31 01:19:25.284 [INFO] Main layout created
2025-07-31 01:19:25.284 [INFO] setupGridView() called
2025-07-31 01:19:25.284 [INFO] Number of cells to display: 77
2025-07-31 01:19:25.284 [INFO] Starting to create cell widgets
2025-07-31 01:19:25.285 [DEBUG] Creating CellItemWidget for cell 0
2025-07-31 01:19:25.285 [DEBUG] CellItemWidget constructor called
2025-07-31 01:19:25.285 [DEBUG] Cell info: diameterPx=136, diameterNm=101.467, image size=196x196
2025-07-31 01:19:25.285 [DEBUG] Converting cv::Mat to QImage
2025-07-31 01:19:25.285 [DEBUG] QImage created: 196x196
2025-07-31 01:19:25.285 [DEBUG] Image label created and configured
2025-07-31 01:19:25.286 [DEBUG] CellItemWidget layout completed
2025-07-31 01:19:25.286 [DEBUG] CellItemWidget constructor completed successfully
2025-07-31 01:19:25.286 [DEBUG] CellItemWidget 0 created successfully
2025-07-31 01:19:25.286 [DEBUG] Added cell 0 to grid at position (0, 0)
2025-07-31 01:19:25.286 [DEBUG] Creating CellItemWidget for cell 1
2025-07-31 01:19:25.286 [DEBUG] CellItemWidget constructor called
2025-07-31 01:19:25.286 [DEBUG] Cell info: diameterPx=114, diameterNm=85.0533, image size=174x174
2025-07-31 01:19:25.286 [DEBUG] Converting cv::Mat to QImage
2025-07-31 01:19:25.286 [DEBUG] QImage created: 174x174
2025-07-31 01:19:25.287 [DEBUG] Image label created and configured
2025-07-31 01:19:25.287 [DEBUG] CellItemWidget layout completed
2025-07-31 01:19:25.287 [DEBUG] CellItemWidget constructor completed successfully
2025-07-31 01:19:25.287 [DEBUG] CellItemWidget 1 created successfully
2025-07-31 01:19:25.287 [DEBUG] Added cell 1 to grid at position (0, 1)
2025-07-31 01:19:25.287 [DEBUG] Creating CellItemWidget for cell 2
2025-07-31 01:19:25.287 [DEBUG] CellItemWidget constructor called
2025-07-31 01:19:25.287 [DEBUG] Cell info: diameterPx=126, diameterNm=94.0063, image size=143x186
2025-07-31 01:19:25.287 [DEBUG] Converting cv::Mat to QImage
2025-07-31 01:19:25.288 [DEBUG] QImage created: 143x186
2025-07-31 01:19:25.288 [DEBUG] Image label created and configured
2025-07-31 01:19:25.288 [DEBUG] CellItemWidget layout completed
2025-07-31 01:19:25.288 [DEBUG] CellItemWidget constructor completed successfully
2025-07-31 01:19:25.288 [DEBUG] CellItemWidget 2 created successfully
2025-07-31 01:19:25.288 [DEBUG] Added cell 2 to grid at position (0, 2)
2025-07-31 01:19:25.288 [DEBUG] Creating CellItemWidget for cell 3
2025-07-31 01:19:25.288 [DEBUG] CellItemWidget constructor called
2025-07-31 01:19:25.289 [DEBUG] Cell info: diameterPx=124, diameterNm=92.5141, image size=184x184
2025-07-31 01:19:25.289 [DEBUG] Converting cv::Mat to QImage
2025-07-31 01:19:25.289 [DEBUG] QImage created: 184x184
2025-07-31 01:19:25.289 [DEBUG] Image label created and configured
2025-07-31 01:19:25.289 [DEBUG] CellItemWidget layout completed
2025-07-31 01:19:25.289 [DEBUG] CellItemWidget constructor completed successfully
2025-07-31 01:19:25.289 [DEBUG] CellItemWidget 3 created successfully
2025-07-31 01:19:25.290 [DEBUG] Added cell 3 to grid at position (0, 3)
2025-07-31 01:19:25.290 [DEBUG] Creating CellItemWidget for cell 4
2025-07-31 01:19:25.290 [DEBUG] CellItemWidget constructor called
2025-07-31 01:19:25.290 [DEBUG] Cell info: diameterPx=112, diameterNm=83.5611, image size=172x172
2025-07-31 01:19:25.290 [DEBUG] Converting cv::Mat to QImage
2025-07-31 01:19:25.290 [DEBUG] QImage created: 172x172
2025-07-31 01:19:25.290 [DEBUG] Image label created and configured
2025-07-31 01:19:25.290 [DEBUG] CellItemWidget layout completed
2025-07-31 01:19:25.291 [DEBUG] CellItemWidget constructor completed successfully
2025-07-31 01:19:25.291 [DEBUG] CellItemWidget 4 created successfully
2025-07-31 01:19:25.291 [DEBUG] Added cell 4 to grid at position (1, 0)
2025-07-31 01:19:25.291 [DEBUG] Creating CellItemWidget for cell 5
2025-07-31 01:19:25.291 [DEBUG] CellItemWidget constructor called
2025-07-31 01:19:25.291 [DEBUG] Cell info: diameterPx=112, diameterNm=83.5611, image size=172x172
2025-07-31 01:19:25.291 [DEBUG] Converting cv::Mat to QImage
2025-07-31 01:19:25.291 [DEBUG] QImage created: 172x172
2025-07-31 01:19:25.291 [DEBUG] Image label created and configured
2025-07-31 01:19:25.292 [DEBUG] CellItemWidget layout completed
2025-07-31 01:19:25.292 [DEBUG] CellItemWidget constructor completed successfully
2025-07-31 01:19:25.292 [DEBUG] CellItemWidget 5 created successfully
2025-07-31 01:19:25.292 [DEBUG] Added cell 5 to grid at position (1, 1)
2025-07-31 01:19:25.292 [DEBUG] Creating CellItemWidget for cell 6
2025-07-31 01:19:25.292 [DEBUG] CellItemWidget constructor called
2025-07-31 01:19:25.292 [DEBUG] Cell info: diameterPx=120, diameterNm=89.5298, image size=180x180
2025-07-31 01:19:25.292 [DEBUG] Converting cv::Mat to QImage
2025-07-31 01:19:25.293 [DEBUG] QImage created: 180x180
2025-07-31 01:19:25.293 [DEBUG] Image label created and configured
2025-07-31 01:19:25.293 [DEBUG] CellItemWidget layout completed
2025-07-31 01:19:25.293 [DEBUG] CellItemWidget constructor completed successfully
2025-07-31 01:19:25.293 [DEBUG] CellItemWidget 6 created successfully
2025-07-31 01:19:25.293 [DEBUG] Added cell 6 to grid at position (1, 2)
2025-07-31 01:19:25.294 [DEBUG] Creating CellItemWidget for cell 7
2025-07-31 01:19:25.294 [DEBUG] CellItemWidget constructor called
2025-07-31 01:19:25.294 [DEBUG] Cell info: diameterPx=106, diameterNm=79.0847, image size=166x166
2025-07-31 01:19:25.294 [DEBUG] Converting cv::Mat to QImage
2025-07-31 01:19:25.294 [DEBUG] QImage created: 166x166
2025-07-31 01:19:25.294 [DEBUG] Image label created and configured
2025-07-31 01:19:25.295 [DEBUG] CellItemWidget layout completed
2025-07-31 01:19:25.295 [DEBUG] CellItemWidget constructor completed successfully
2025-07-31 01:19:25.295 [DEBUG] CellItemWidget 7 created successfully
2025-07-31 01:19:25.295 [DEBUG] Added cell 7 to grid at position (1, 3)
2025-07-31 01:19:25.296 [DEBUG] Creating CellItemWidget for cell 8
2025-07-31 01:19:25.296 [DEBUG] CellItemWidget constructor called
2025-07-31 01:19:25.296 [DEBUG] Cell info: diameterPx=96, diameterNm=71.6238, image size=156x156
2025-07-31 01:19:25.296 [DEBUG] Converting cv::Mat to QImage
2025-07-31 01:19:25.296 [DEBUG] QImage created: 156x156
2025-07-31 01:19:25.297 [DEBUG] Image label created and configured
2025-07-31 01:19:25.297 [DEBUG] CellItemWidget layout completed
2025-07-31 01:19:25.297 [DEBUG] CellItemWidget constructor completed successfully
2025-07-31 01:19:25.297 [DEBUG] CellItemWidget 8 created successfully
2025-07-31 01:19:25.297 [DEBUG] Added cell 8 to grid at position (2, 0)
2025-07-31 01:19:25.297 [DEBUG] Creating CellItemWidget for cell 9
2025-07-31 01:19:25.297 [DEBUG] CellItemWidget constructor called
2025-07-31 01:19:25.297 [DEBUG] Cell info: diameterPx=108, diameterNm=80.5768, image size=168x168
2025-07-31 01:19:25.298 [DEBUG] Converting cv::Mat to QImage
2025-07-31 01:19:25.298 [DEBUG] QImage created: 168x168
2025-07-31 01:19:25.298 [DEBUG] Image label created and configured
2025-07-31 01:19:25.298 [DEBUG] CellItemWidget layout completed
2025-07-31 01:19:25.298 [DEBUG] CellItemWidget constructor completed successfully
2025-07-31 01:19:25.299 [DEBUG] CellItemWidget 9 created successfully
2025-07-31 01:19:25.299 [DEBUG] Added cell 9 to grid at position (2, 1)
2025-07-31 01:19:25.299 [DEBUG] Creating CellItemWidget for cell 10
2025-07-31 01:19:25.299 [DEBUG] CellItemWidget constructor called
2025-07-31 01:19:25.299 [DEBUG] Cell info: diameterPx=98, diameterNm=73.116, image size=158x141
2025-07-31 01:19:25.299 [DEBUG] Converting cv::Mat to QImage
2025-07-31 01:19:25.299 [DEBUG] QImage created: 158x141
2025-07-31 01:19:25.300 [DEBUG] Image label created and configured
2025-07-31 01:19:25.300 [DEBUG] CellItemWidget layout completed
2025-07-31 01:19:25.300 [DEBUG] CellItemWidget constructor completed successfully
2025-07-31 01:19:25.300 [DEBUG] CellItemWidget 10 created successfully
2025-07-31 01:19:25.300 [DEBUG] Added cell 10 to grid at position (2, 2)
2025-07-31 01:19:25.300 [DEBUG] Creating CellItemWidget for cell 11
2025-07-31 01:19:25.300 [DEBUG] CellItemWidget constructor called
2025-07-31 01:19:25.301 [DEBUG] Cell info: diameterPx=90, diameterNm=67.1473, image size=150x150
2025-07-31 01:19:25.301 [DEBUG] Converting cv::Mat to QImage
2025-07-31 01:19:25.301 [DEBUG] QImage created: 150x150
2025-07-31 01:19:25.301 [DEBUG] Image label created and configured
2025-07-31 01:19:25.301 [DEBUG] CellItemWidget layout completed
2025-07-31 01:19:25.301 [DEBUG] CellItemWidget constructor completed successfully
2025-07-31 01:19:25.301 [DEBUG] CellItemWidget 11 created successfully
2025-07-31 01:19:25.301 [DEBUG] Added cell 11 to grid at position (2, 3)
2025-07-31 01:19:25.301 [DEBUG] Creating CellItemWidget for cell 12
2025-07-31 01:19:25.301 [DEBUG] CellItemWidget constructor called
2025-07-31 01:19:25.301 [DEBUG] Cell info: diameterPx=116, diameterNm=86.5455, image size=176x176
2025-07-31 01:19:25.301 [DEBUG] Converting cv::Mat to QImage
2025-07-31 01:19:25.302 [DEBUG] QImage created: 176x176
2025-07-31 01:19:25.302 [DEBUG] Image label created and configured
2025-07-31 01:19:25.302 [DEBUG] CellItemWidget layout completed
2025-07-31 01:19:25.302 [DEBUG] CellItemWidget constructor completed successfully
2025-07-31 01:19:25.302 [DEBUG] CellItemWidget 12 created successfully
2025-07-31 01:19:25.302 [DEBUG] Added cell 12 to grid at position (3, 0)
2025-07-31 01:19:25.302 [DEBUG] Creating CellItemWidget for cell 13
2025-07-31 01:19:25.302 [DEBUG] CellItemWidget constructor called
2025-07-31 01:19:25.302 [DEBUG] Cell info: diameterPx=114, diameterNm=85.0533, image size=174x174
2025-07-31 01:19:25.303 [DEBUG] Converting cv::Mat to QImage
2025-07-31 01:19:25.303 [DEBUG] QImage created: 174x174
2025-07-31 01:19:25.303 [DEBUG] Image label created and configured
2025-07-31 01:19:25.303 [DEBUG] CellItemWidget layout completed
2025-07-31 01:19:25.303 [DEBUG] CellItemWidget constructor completed successfully
2025-07-31 01:19:25.303 [DEBUG] CellItemWidget 13 created successfully
2025-07-31 01:19:25.303 [DEBUG] Added cell 13 to grid at position (3, 1)
2025-07-31 01:19:25.303 [DEBUG] Creating CellItemWidget for cell 14
2025-07-31 01:19:25.304 [DEBUG] CellItemWidget constructor called
2025-07-31 01:19:25.304 [DEBUG] Cell info: diameterPx=118, diameterNm=88.0376, image size=178x178
2025-07-31 01:19:25.304 [DEBUG] Converting cv::Mat to QImage
2025-07-31 01:19:25.304 [DEBUG] QImage created: 178x178
2025-07-31 01:19:25.304 [DEBUG] Image label created and configured
2025-07-31 01:19:25.304 [DEBUG] CellItemWidget layout completed
2025-07-31 01:19:25.304 [DEBUG] CellItemWidget constructor completed successfully
2025-07-31 01:19:25.304 [DEBUG] CellItemWidget 14 created successfully
2025-07-31 01:19:25.305 [DEBUG] Added cell 14 to grid at position (3, 2)
2025-07-31 01:19:25.305 [DEBUG] Creating CellItemWidget for cell 15
2025-07-31 01:19:25.305 [DEBUG] CellItemWidget constructor called
2025-07-31 01:19:25.305 [DEBUG] Cell info: diameterPx=106, diameterNm=79.0847, image size=166x166
2025-07-31 01:19:25.305 [DEBUG] Converting cv::Mat to QImage
2025-07-31 01:19:25.305 [DEBUG] QImage created: 166x166
2025-07-31 01:19:25.306 [DEBUG] Image label created and configured
2025-07-31 01:19:25.306 [DEBUG] CellItemWidget layout completed
2025-07-31 01:19:25.306 [DEBUG] CellItemWidget constructor completed successfully
2025-07-31 01:19:25.306 [DEBUG] CellItemWidget 15 created successfully
2025-07-31 01:19:25.306 [DEBUG] Added cell 15 to grid at position (3, 3)
2025-07-31 01:19:25.306 [DEBUG] Creating CellItemWidget for cell 16
2025-07-31 01:19:25.306 [DEBUG] CellItemWidget constructor called
2025-07-31 01:19:25.306 [DEBUG] Cell info: diameterPx=122, diameterNm=91.022, image size=182x182
2025-07-31 01:19:25.306 [DEBUG] Converting cv::Mat to QImage
2025-07-31 01:19:25.307 [DEBUG] QImage created: 182x182
2025-07-31 01:19:25.307 [DEBUG] Image label created and configured
2025-07-31 01:19:25.307 [DEBUG] CellItemWidget layout completed
2025-07-31 01:19:25.307 [DEBUG] CellItemWidget constructor completed successfully
2025-07-31 01:19:25.307 [DEBUG] CellItemWidget 16 created successfully
2025-07-31 01:19:25.307 [DEBUG] Added cell 16 to grid at position (4, 0)
2025-07-31 01:19:25.307 [DEBUG] Creating CellItemWidget for cell 17
2025-07-31 01:19:25.308 [DEBUG] CellItemWidget constructor called
2025-07-31 01:19:25.308 [DEBUG] Cell info: diameterPx=86, diameterNm=64.163, image size=146x146
2025-07-31 01:19:25.308 [DEBUG] Converting cv::Mat to QImage
2025-07-31 01:19:25.308 [DEBUG] QImage created: 146x146
2025-07-31 01:19:25.308 [DEBUG] Image label created and configured
2025-07-31 01:19:25.308 [DEBUG] CellItemWidget layout completed
2025-07-31 01:19:25.308 [DEBUG] CellItemWidget constructor completed successfully
2025-07-31 01:19:25.308 [DEBUG] CellItemWidget 17 created successfully
2025-07-31 01:19:25.309 [DEBUG] Added cell 17 to grid at position (4, 1)
2025-07-31 01:19:25.309 [DEBUG] Creating CellItemWidget for cell 18
2025-07-31 01:19:25.309 [DEBUG] CellItemWidget constructor called
2025-07-31 01:19:25.309 [DEBUG] Cell info: diameterPx=96, diameterNm=71.6238, image size=156x156
2025-07-31 01:19:25.309 [DEBUG] Converting cv::Mat to QImage
2025-07-31 01:19:25.309 [DEBUG] QImage created: 156x156
2025-07-31 01:19:25.309 [DEBUG] Image label created and configured
2025-07-31 01:19:25.310 [DEBUG] CellItemWidget layout completed
2025-07-31 01:19:25.310 [DEBUG] CellItemWidget constructor completed successfully
2025-07-31 01:19:25.310 [DEBUG] CellItemWidget 18 created successfully
2025-07-31 01:19:25.310 [DEBUG] Added cell 18 to grid at position (4, 2)
2025-07-31 01:19:25.310 [DEBUG] Creating CellItemWidget for cell 19
2025-07-31 01:19:25.310 [DEBUG] CellItemWidget constructor called
2025-07-31 01:19:25.311 [DEBUG] Cell info: diameterPx=94, diameterNm=70.1317, image size=154x154
2025-07-31 01:19:25.312 [DEBUG] Converting cv::Mat to QImage
2025-07-31 01:19:25.312 [DEBUG] QImage created: 154x154
2025-07-31 01:19:25.312 [DEBUG] Image label created and configured
2025-07-31 01:19:25.313 [DEBUG] CellItemWidget layout completed
2025-07-31 01:19:25.313 [DEBUG] CellItemWidget constructor completed successfully
2025-07-31 01:19:25.313 [DEBUG] CellItemWidget 19 created successfully
2025-07-31 01:19:25.313 [DEBUG] Added cell 19 to grid at position (4, 3)
2025-07-31 01:19:25.313 [DEBUG] Creating CellItemWidget for cell 20
2025-07-31 01:19:25.313 [DEBUG] CellItemWidget constructor called
2025-07-31 01:19:25.313 [DEBUG] Cell info: diameterPx=94, diameterNm=70.1317, image size=154x154
2025-07-31 01:19:25.313 [DEBUG] Converting cv::Mat to QImage
2025-07-31 01:19:25.314 [DEBUG] QImage created: 154x154
2025-07-31 01:19:25.314 [DEBUG] Image label created and configured
2025-07-31 01:19:25.314 [DEBUG] CellItemWidget layout completed
2025-07-31 01:19:25.314 [DEBUG] CellItemWidget constructor completed successfully
2025-07-31 01:19:25.314 [DEBUG] CellItemWidget 20 created successfully
2025-07-31 01:19:25.314 [DEBUG] Added cell 20 to grid at position (5, 0)
2025-07-31 01:19:25.315 [DEBUG] Creating CellItemWidget for cell 21
2025-07-31 01:19:25.315 [DEBUG] CellItemWidget constructor called
2025-07-31 01:19:25.315 [DEBUG] Cell info: diameterPx=130, diameterNm=96.9906, image size=190x107
2025-07-31 01:19:25.315 [DEBUG] Converting cv::Mat to QImage
2025-07-31 01:19:25.315 [DEBUG] QImage created: 190x107
2025-07-31 01:19:25.315 [DEBUG] Image label created and configured
2025-07-31 01:19:25.315 [DEBUG] CellItemWidget layout completed
2025-07-31 01:19:25.316 [DEBUG] CellItemWidget constructor completed successfully
2025-07-31 01:19:25.316 [DEBUG] CellItemWidget 21 created successfully
2025-07-31 01:19:25.316 [DEBUG] Added cell 21 to grid at position (5, 1)
2025-07-31 01:19:25.316 [DEBUG] Creating CellItemWidget for cell 22
2025-07-31 01:19:25.316 [DEBUG] CellItemWidget constructor called
2025-07-31 01:19:25.316 [DEBUG] Cell info: diameterPx=118, diameterNm=88.0376, image size=178x178
2025-07-31 01:19:25.316 [DEBUG] Converting cv::Mat to QImage
2025-07-31 01:19:25.316 [DEBUG] QImage created: 178x178
2025-07-31 01:19:25.317 [DEBUG] Image label created and configured
2025-07-31 01:19:25.317 [DEBUG] CellItemWidget layout completed
2025-07-31 01:19:25.317 [DEBUG] CellItemWidget constructor completed successfully
2025-07-31 01:19:25.317 [DEBUG] CellItemWidget 22 created successfully
2025-07-31 01:19:25.317 [DEBUG] Added cell 22 to grid at position (5, 2)
2025-07-31 01:19:25.317 [DEBUG] Creating CellItemWidget for cell 23
2025-07-31 01:19:25.317 [DEBUG] CellItemWidget constructor called
2025-07-31 01:19:25.318 [DEBUG] Cell info: diameterPx=76, diameterNm=56.7022, image size=136x136
2025-07-31 01:19:25.318 [DEBUG] Converting cv::Mat to QImage
2025-07-31 01:19:25.318 [DEBUG] QImage created: 136x136
2025-07-31 01:19:25.318 [DEBUG] Image label created and configured
2025-07-31 01:19:25.318 [DEBUG] CellItemWidget layout completed
2025-07-31 01:19:25.318 [DEBUG] CellItemWidget constructor completed successfully
2025-07-31 01:19:25.318 [DEBUG] CellItemWidget 23 created successfully
2025-07-31 01:19:25.319 [DEBUG] Added cell 23 to grid at position (5, 3)
2025-07-31 01:19:25.319 [DEBUG] Creating CellItemWidget for cell 24
2025-07-31 01:19:25.319 [DEBUG] CellItemWidget constructor called
2025-07-31 01:19:25.319 [DEBUG] Cell info: diameterPx=112, diameterNm=83.5611, image size=172x172
2025-07-31 01:19:25.319 [DEBUG] Converting cv::Mat to QImage
2025-07-31 01:19:25.319 [DEBUG] QImage created: 172x172
2025-07-31 01:19:25.319 [DEBUG] Image label created and configured
2025-07-31 01:19:25.320 [DEBUG] CellItemWidget layout completed
2025-07-31 01:19:25.320 [DEBUG] CellItemWidget constructor completed successfully
2025-07-31 01:19:25.320 [DEBUG] CellItemWidget 24 created successfully
2025-07-31 01:19:25.320 [DEBUG] Added cell 24 to grid at position (6, 0)
2025-07-31 01:19:25.320 [DEBUG] Creating CellItemWidget for cell 25
2025-07-31 01:19:25.320 [DEBUG] CellItemWidget constructor called
2025-07-31 01:19:25.320 [DEBUG] Cell info: diameterPx=104, diameterNm=77.5925, image size=164x164
2025-07-31 01:19:25.320 [DEBUG] Converting cv::Mat to QImage
2025-07-31 01:19:25.320 [DEBUG] QImage created: 164x164
2025-07-31 01:19:25.321 [DEBUG] Image label created and configured
2025-07-31 01:19:25.321 [DEBUG] CellItemWidget layout completed
2025-07-31 01:19:25.321 [DEBUG] CellItemWidget constructor completed successfully
2025-07-31 01:19:25.321 [DEBUG] CellItemWidget 25 created successfully
2025-07-31 01:19:25.321 [DEBUG] Added cell 25 to grid at position (6, 1)
2025-07-31 01:19:25.321 [DEBUG] Creating CellItemWidget for cell 26
2025-07-31 01:19:25.321 [DEBUG] CellItemWidget constructor called
2025-07-31 01:19:25.321 [DEBUG] Cell info: diameterPx=104, diameterNm=77.5925, image size=164x164
2025-07-31 01:19:25.321 [DEBUG] Converting cv::Mat to QImage
2025-07-31 01:19:25.321 [DEBUG] QImage created: 164x164
2025-07-31 01:19:25.321 [DEBUG] Image label created and configured
2025-07-31 01:19:25.322 [DEBUG] CellItemWidget layout completed
2025-07-31 01:19:25.322 [DEBUG] CellItemWidget constructor completed successfully
2025-07-31 01:19:25.322 [DEBUG] CellItemWidget 26 created successfully
2025-07-31 01:19:25.322 [DEBUG] Added cell 26 to grid at position (6, 2)
2025-07-31 01:19:25.322 [DEBUG] Creating CellItemWidget for cell 27
2025-07-31 01:19:25.322 [DEBUG] CellItemWidget constructor called
2025-07-31 01:19:25.322 [DEBUG] Cell info: diameterPx=120, diameterNm=89.5298, image size=180x180
2025-07-31 01:19:25.322 [DEBUG] Converting cv::Mat to QImage
2025-07-31 01:19:25.322 [DEBUG] QImage created: 180x180
2025-07-31 01:19:25.323 [DEBUG] Image label created and configured
2025-07-31 01:19:25.323 [DEBUG] CellItemWidget layout completed
2025-07-31 01:19:25.323 [DEBUG] CellItemWidget constructor completed successfully
2025-07-31 01:19:25.323 [DEBUG] CellItemWidget 27 created successfully
2025-07-31 01:19:25.323 [DEBUG] Added cell 27 to grid at position (6, 3)
2025-07-31 01:19:25.323 [DEBUG] Creating CellItemWidget for cell 28
2025-07-31 01:19:25.323 [DEBUG] CellItemWidget constructor called
2025-07-31 01:19:25.323 [DEBUG] Cell info: diameterPx=192, diameterNm=143.248, image size=252x252
2025-07-31 01:19:25.323 [DEBUG] Converting cv::Mat to QImage
2025-07-31 01:19:25.324 [DEBUG] QImage created: 252x252
2025-07-31 01:19:25.324 [DEBUG] Image label created and configured
2025-07-31 01:19:25.324 [DEBUG] CellItemWidget layout completed
2025-07-31 01:19:25.324 [DEBUG] CellItemWidget constructor completed successfully
2025-07-31 01:19:25.324 [DEBUG] CellItemWidget 28 created successfully
2025-07-31 01:19:25.324 [DEBUG] Added cell 28 to grid at position (7, 0)
2025-07-31 01:19:25.325 [DEBUG] Creating CellItemWidget for cell 29
2025-07-31 01:19:25.325 [DEBUG] CellItemWidget constructor called
2025-07-31 01:19:25.325 [DEBUG] Cell info: diameterPx=98, diameterNm=73.116, image size=158x158
2025-07-31 01:19:25.325 [DEBUG] Converting cv::Mat to QImage
2025-07-31 01:19:25.325 [DEBUG] QImage created: 158x158
2025-07-31 01:19:25.325 [DEBUG] Image label created and configured
2025-07-31 01:19:25.325 [DEBUG] CellItemWidget layout completed
2025-07-31 01:19:25.325 [DEBUG] CellItemWidget constructor completed successfully
2025-07-31 01:19:25.325 [DEBUG] CellItemWidget 29 created successfully
2025-07-31 01:19:25.326 [DEBUG] Added cell 29 to grid at position (7, 1)
2025-07-31 01:19:25.326 [DEBUG] Creating CellItemWidget for cell 30
2025-07-31 01:19:25.326 [DEBUG] CellItemWidget constructor called
2025-07-31 01:19:25.326 [DEBUG] Cell info: diameterPx=82, diameterNm=61.1787, image size=142x142
2025-07-31 01:19:25.326 [DEBUG] Converting cv::Mat to QImage
2025-07-31 01:19:25.326 [DEBUG] QImage created: 142x142
2025-07-31 01:19:25.326 [DEBUG] Image label created and configured
2025-07-31 01:19:25.326 [DEBUG] CellItemWidget layout completed
2025-07-31 01:19:25.326 [DEBUG] CellItemWidget constructor completed successfully
2025-07-31 01:19:25.327 [DEBUG] CellItemWidget 30 created successfully
2025-07-31 01:19:25.327 [DEBUG] Added cell 30 to grid at position (7, 2)
2025-07-31 01:19:25.327 [DEBUG] Creating CellItemWidget for cell 31
2025-07-31 01:19:25.327 [DEBUG] CellItemWidget constructor called
2025-07-31 01:19:25.327 [DEBUG] Cell info: diameterPx=90, diameterNm=67.1473, image size=150x150
2025-07-31 01:19:25.327 [DEBUG] Converting cv::Mat to QImage
2025-07-31 01:19:25.327 [DEBUG] QImage created: 150x150
2025-07-31 01:19:25.327 [DEBUG] Image label created and configured
2025-07-31 01:19:25.327 [DEBUG] CellItemWidget layout completed
2025-07-31 01:19:25.327 [DEBUG] CellItemWidget constructor completed successfully
2025-07-31 01:19:25.328 [DEBUG] CellItemWidget 31 created successfully
2025-07-31 01:19:25.328 [DEBUG] Added cell 31 to grid at position (7, 3)
2025-07-31 01:19:25.328 [DEBUG] Creating CellItemWidget for cell 32
2025-07-31 01:19:25.328 [DEBUG] CellItemWidget constructor called
2025-07-31 01:19:25.328 [DEBUG] Cell info: diameterPx=98, diameterNm=73.116, image size=158x158
2025-07-31 01:19:25.328 [DEBUG] Converting cv::Mat to QImage
2025-07-31 01:19:25.328 [DEBUG] QImage created: 158x158
2025-07-31 01:19:25.329 [DEBUG] Image label created and configured
2025-07-31 01:19:25.329 [DEBUG] CellItemWidget layout completed
2025-07-31 01:19:25.329 [DEBUG] CellItemWidget constructor completed successfully
2025-07-31 01:19:25.329 [DEBUG] CellItemWidget 32 created successfully
2025-07-31 01:19:25.329 [DEBUG] Added cell 32 to grid at position (8, 0)
2025-07-31 01:19:25.329 [DEBUG] Creating CellItemWidget for cell 33
2025-07-31 01:19:25.330 [DEBUG] CellItemWidget constructor called
2025-07-31 01:19:25.330 [DEBUG] Cell info: diameterPx=86, diameterNm=64.163, image size=146x146
2025-07-31 01:19:25.330 [DEBUG] Converting cv::Mat to QImage
2025-07-31 01:19:25.330 [DEBUG] QImage created: 146x146
2025-07-31 01:19:25.330 [DEBUG] Image label created and configured
2025-07-31 01:19:25.330 [DEBUG] CellItemWidget layout completed
2025-07-31 01:19:25.330 [DEBUG] CellItemWidget constructor completed successfully
2025-07-31 01:19:25.330 [DEBUG] CellItemWidget 33 created successfully
2025-07-31 01:19:25.330 [DEBUG] Added cell 33 to grid at position (8, 1)
2025-07-31 01:19:25.330 [DEBUG] Creating CellItemWidget for cell 34
2025-07-31 01:19:25.330 [DEBUG] CellItemWidget constructor called
2025-07-31 01:19:25.330 [DEBUG] Cell info: diameterPx=88, diameterNm=65.6552, image size=148x148
2025-07-31 01:19:25.331 [DEBUG] Converting cv::Mat to QImage
2025-07-31 01:19:25.331 [DEBUG] QImage created: 148x148
2025-07-31 01:19:25.331 [DEBUG] Image label created and configured
2025-07-31 01:19:25.331 [DEBUG] CellItemWidget layout completed
2025-07-31 01:19:25.331 [DEBUG] CellItemWidget constructor completed successfully
2025-07-31 01:19:25.331 [DEBUG] CellItemWidget 34 created successfully
2025-07-31 01:19:25.331 [DEBUG] Added cell 34 to grid at position (8, 2)
2025-07-31 01:19:25.331 [DEBUG] Creating CellItemWidget for cell 35
2025-07-31 01:19:25.331 [DEBUG] CellItemWidget constructor called
2025-07-31 01:19:25.331 [DEBUG] Cell info: diameterPx=104, diameterNm=77.5925, image size=142x164
2025-07-31 01:19:25.332 [DEBUG] Converting cv::Mat to QImage
2025-07-31 01:19:25.332 [DEBUG] QImage created: 142x164
2025-07-31 01:19:25.332 [DEBUG] Image label created and configured
2025-07-31 01:19:25.332 [DEBUG] CellItemWidget layout completed
2025-07-31 01:19:25.332 [DEBUG] CellItemWidget constructor completed successfully
2025-07-31 01:19:25.332 [DEBUG] CellItemWidget 35 created successfully
2025-07-31 01:19:25.332 [DEBUG] Added cell 35 to grid at position (8, 3)
2025-07-31 01:19:25.332 [DEBUG] Creating CellItemWidget for cell 36
2025-07-31 01:19:25.333 [DEBUG] CellItemWidget constructor called
2025-07-31 01:19:25.333 [DEBUG] Cell info: diameterPx=102, diameterNm=76.1003, image size=162x162
2025-07-31 01:19:25.333 [DEBUG] Converting cv::Mat to QImage
2025-07-31 01:19:25.333 [DEBUG] QImage created: 162x162
2025-07-31 01:19:25.333 [DEBUG] Image label created and configured
2025-07-31 01:19:25.333 [DEBUG] CellItemWidget layout completed
2025-07-31 01:19:25.333 [DEBUG] CellItemWidget constructor completed successfully
2025-07-31 01:19:25.334 [DEBUG] CellItemWidget 36 created successfully
2025-07-31 01:19:25.334 [DEBUG] Added cell 36 to grid at position (9, 0)
2025-07-31 01:19:25.334 [DEBUG] Creating CellItemWidget for cell 37
2025-07-31 01:19:25.334 [DEBUG] CellItemWidget constructor called
2025-07-31 01:19:25.334 [DEBUG] Cell info: diameterPx=86, diameterNm=64.163, image size=146x146
2025-07-31 01:19:25.334 [DEBUG] Converting cv::Mat to QImage
2025-07-31 01:19:25.334 [DEBUG] QImage created: 146x146
2025-07-31 01:19:25.334 [DEBUG] Image label created and configured
2025-07-31 01:19:25.335 [DEBUG] CellItemWidget layout completed
2025-07-31 01:19:25.335 [DEBUG] CellItemWidget constructor completed successfully
2025-07-31 01:19:25.335 [DEBUG] CellItemWidget 37 created successfully
2025-07-31 01:19:25.335 [DEBUG] Added cell 37 to grid at position (9, 1)
2025-07-31 01:19:25.335 [DEBUG] Creating CellItemWidget for cell 38
2025-07-31 01:19:25.335 [DEBUG] CellItemWidget constructor called
2025-07-31 01:19:25.335 [DEBUG] Cell info: diameterPx=108, diameterNm=80.5768, image size=168x168
2025-07-31 01:19:25.335 [DEBUG] Converting cv::Mat to QImage
2025-07-31 01:19:25.335 [DEBUG] QImage created: 168x168
2025-07-31 01:19:25.336 [DEBUG] Image label created and configured
2025-07-31 01:19:25.336 [DEBUG] CellItemWidget layout completed
2025-07-31 01:19:25.336 [DEBUG] CellItemWidget constructor completed successfully
2025-07-31 01:19:25.336 [DEBUG] CellItemWidget 38 created successfully
2025-07-31 01:19:25.336 [DEBUG] Added cell 38 to grid at position (9, 2)
2025-07-31 01:19:25.336 [DEBUG] Creating CellItemWidget for cell 39
2025-07-31 01:19:25.336 [DEBUG] CellItemWidget constructor called
2025-07-31 01:19:25.336 [DEBUG] Cell info: diameterPx=104, diameterNm=77.5925, image size=164x164
2025-07-31 01:19:25.336 [DEBUG] Converting cv::Mat to QImage
2025-07-31 01:19:25.336 [DEBUG] QImage created: 164x164
2025-07-31 01:19:25.337 [DEBUG] Image label created and configured
2025-07-31 01:19:25.337 [DEBUG] CellItemWidget layout completed
2025-07-31 01:19:25.337 [DEBUG] CellItemWidget constructor completed successfully
2025-07-31 01:19:25.337 [DEBUG] CellItemWidget 39 created successfully
2025-07-31 01:19:25.338 [DEBUG] Added cell 39 to grid at position (9, 3)
2025-07-31 01:19:25.338 [DEBUG] Creating CellItemWidget for cell 40
2025-07-31 01:19:25.338 [DEBUG] CellItemWidget constructor called
2025-07-31 01:19:25.338 [DEBUG] Cell info: diameterPx=84, diameterNm=62.6709, image size=144x144
2025-07-31 01:19:25.338 [DEBUG] Converting cv::Mat to QImage
2025-07-31 01:19:25.338 [DEBUG] QImage created: 144x144
2025-07-31 01:19:25.339 [DEBUG] Image label created and configured
2025-07-31 01:19:25.339 [DEBUG] CellItemWidget layout completed
2025-07-31 01:19:25.339 [DEBUG] CellItemWidget constructor completed successfully
2025-07-31 01:19:25.339 [DEBUG] CellItemWidget 40 created successfully
2025-07-31 01:19:25.339 [DEBUG] Added cell 40 to grid at position (10, 0)
2025-07-31 01:19:25.339 [DEBUG] Creating CellItemWidget for cell 41
2025-07-31 01:19:25.339 [DEBUG] CellItemWidget constructor called
2025-07-31 01:19:25.339 [DEBUG] Cell info: diameterPx=202, diameterNm=150.708, image size=262x247
2025-07-31 01:19:25.339 [DEBUG] Converting cv::Mat to QImage
2025-07-31 01:19:25.340 [DEBUG] QImage created: 262x247
2025-07-31 01:19:25.340 [DEBUG] Image label created and configured
2025-07-31 01:19:25.340 [DEBUG] CellItemWidget layout completed
2025-07-31 01:19:25.340 [DEBUG] CellItemWidget constructor completed successfully
2025-07-31 01:19:25.341 [DEBUG] CellItemWidget 41 created successfully
2025-07-31 01:19:25.341 [DEBUG] Added cell 41 to grid at position (10, 1)
2025-07-31 01:19:25.341 [DEBUG] Creating CellItemWidget for cell 42
2025-07-31 01:19:25.341 [DEBUG] CellItemWidget constructor called
2025-07-31 01:19:25.341 [DEBUG] Cell info: diameterPx=92, diameterNm=68.6395, image size=152x152
2025-07-31 01:19:25.341 [DEBUG] Converting cv::Mat to QImage
2025-07-31 01:19:25.341 [DEBUG] QImage created: 152x152
2025-07-31 01:19:25.341 [DEBUG] Image label created and configured
2025-07-31 01:19:25.342 [DEBUG] CellItemWidget layout completed
2025-07-31 01:19:25.342 [DEBUG] CellItemWidget constructor completed successfully
2025-07-31 01:19:25.342 [DEBUG] CellItemWidget 42 created successfully
2025-07-31 01:19:25.342 [DEBUG] Added cell 42 to grid at position (10, 2)
2025-07-31 01:19:25.342 [DEBUG] Creating CellItemWidget for cell 43
2025-07-31 01:19:25.342 [DEBUG] CellItemWidget constructor called
2025-07-31 01:19:25.342 [DEBUG] Cell info: diameterPx=84, diameterNm=62.6709, image size=144x144
2025-07-31 01:19:25.343 [DEBUG] Converting cv::Mat to QImage
2025-07-31 01:19:25.343 [DEBUG] QImage created: 144x144
2025-07-31 01:19:25.343 [DEBUG] Image label created and configured
2025-07-31 01:19:25.343 [DEBUG] CellItemWidget layout completed
2025-07-31 01:19:25.343 [DEBUG] CellItemWidget constructor completed successfully
2025-07-31 01:19:25.343 [DEBUG] CellItemWidget 43 created successfully
2025-07-31 01:19:25.344 [DEBUG] Added cell 43 to grid at position (10, 3)
2025-07-31 01:19:25.344 [DEBUG] Creating CellItemWidget for cell 44
2025-07-31 01:19:25.344 [DEBUG] CellItemWidget constructor called
2025-07-31 01:19:25.344 [DEBUG] Cell info: diameterPx=222, diameterNm=165.63, image size=282x282
2025-07-31 01:19:25.344 [DEBUG] Converting cv::Mat to QImage
2025-07-31 01:19:25.344 [DEBUG] QImage created: 282x282
2025-07-31 01:19:25.345 [DEBUG] Image label created and configured
2025-07-31 01:19:25.345 [DEBUG] CellItemWidget layout completed
2025-07-31 01:19:25.345 [DEBUG] CellItemWidget constructor completed successfully
2025-07-31 01:19:25.345 [DEBUG] CellItemWidget 44 created successfully
2025-07-31 01:19:25.345 [DEBUG] Added cell 44 to grid at position (11, 0)
2025-07-31 01:19:25.345 [DEBUG] Creating CellItemWidget for cell 45
2025-07-31 01:19:25.345 [DEBUG] CellItemWidget constructor called
2025-07-31 01:19:25.345 [DEBUG] Cell info: diameterPx=192, diameterNm=143.248, image size=252x252
2025-07-31 01:19:25.346 [DEBUG] Converting cv::Mat to QImage
2025-07-31 01:19:25.346 [DEBUG] QImage created: 252x252
2025-07-31 01:19:25.346 [DEBUG] Image label created and configured
2025-07-31 01:19:25.346 [DEBUG] CellItemWidget layout completed
2025-07-31 01:19:25.346 [DEBUG] CellItemWidget constructor completed successfully
2025-07-31 01:19:25.346 [DEBUG] CellItemWidget 45 created successfully
2025-07-31 01:19:25.346 [DEBUG] Added cell 45 to grid at position (11, 1)
2025-07-31 01:19:25.346 [DEBUG] Creating CellItemWidget for cell 46
2025-07-31 01:19:25.347 [DEBUG] CellItemWidget constructor called
2025-07-31 01:19:25.347 [DEBUG] Cell info: diameterPx=84, diameterNm=62.6709, image size=144x144
2025-07-31 01:19:25.347 [DEBUG] Converting cv::Mat to QImage
2025-07-31 01:19:25.347 [DEBUG] QImage created: 144x144
2025-07-31 01:19:25.347 [DEBUG] Image label created and configured
2025-07-31 01:19:25.347 [DEBUG] CellItemWidget layout completed
2025-07-31 01:19:25.347 [DEBUG] CellItemWidget constructor completed successfully
2025-07-31 01:19:25.347 [DEBUG] CellItemWidget 46 created successfully
2025-07-31 01:19:25.347 [DEBUG] Added cell 46 to grid at position (11, 2)
2025-07-31 01:19:25.348 [DEBUG] Creating CellItemWidget for cell 47
2025-07-31 01:19:25.348 [DEBUG] CellItemWidget constructor called
2025-07-31 01:19:25.348 [DEBUG] Cell info: diameterPx=104, diameterNm=77.5925, image size=164x164
2025-07-31 01:19:25.348 [DEBUG] Converting cv::Mat to QImage
2025-07-31 01:19:25.348 [DEBUG] QImage created: 164x164
2025-07-31 01:19:25.348 [DEBUG] Image label created and configured
2025-07-31 01:19:25.348 [DEBUG] CellItemWidget layout completed
2025-07-31 01:19:25.348 [DEBUG] CellItemWidget constructor completed successfully
2025-07-31 01:19:25.348 [DEBUG] CellItemWidget 47 created successfully
2025-07-31 01:19:25.349 [DEBUG] Added cell 47 to grid at position (11, 3)
2025-07-31 01:19:25.349 [DEBUG] Creating CellItemWidget for cell 48
2025-07-31 01:19:25.349 [DEBUG] CellItemWidget constructor called
2025-07-31 01:19:25.349 [DEBUG] Cell info: diameterPx=96, diameterNm=71.6238, image size=156x156
2025-07-31 01:19:25.349 [DEBUG] Converting cv::Mat to QImage
2025-07-31 01:19:25.349 [DEBUG] QImage created: 156x156
2025-07-31 01:19:25.349 [DEBUG] Image label created and configured
2025-07-31 01:19:25.349 [DEBUG] CellItemWidget layout completed
2025-07-31 01:19:25.350 [DEBUG] CellItemWidget constructor completed successfully
2025-07-31 01:19:25.350 [DEBUG] CellItemWidget 48 created successfully
2025-07-31 01:19:25.350 [DEBUG] Added cell 48 to grid at position (12, 0)
2025-07-31 01:19:25.351 [DEBUG] Creating CellItemWidget for cell 49
2025-07-31 01:19:25.351 [DEBUG] CellItemWidget constructor called
2025-07-31 01:19:25.351 [DEBUG] Cell info: diameterPx=92, diameterNm=68.6395, image size=152x152
2025-07-31 01:19:25.351 [DEBUG] Converting cv::Mat to QImage
2025-07-31 01:19:25.351 [DEBUG] QImage created: 152x152
2025-07-31 01:19:25.351 [DEBUG] Image label created and configured
2025-07-31 01:19:25.351 [DEBUG] CellItemWidget layout completed
2025-07-31 01:19:25.351 [DEBUG] CellItemWidget constructor completed successfully
2025-07-31 01:19:25.351 [DEBUG] CellItemWidget 49 created successfully
2025-07-31 01:19:25.352 [DEBUG] Added cell 49 to grid at position (12, 1)
2025-07-31 01:19:25.352 [DEBUG] Creating CellItemWidget for cell 50
2025-07-31 01:19:25.352 [DEBUG] CellItemWidget constructor called
2025-07-31 01:19:25.352 [DEBUG] Cell info: diameterPx=134, diameterNm=99.9749, image size=194x127
2025-07-31 01:19:25.352 [DEBUG] Converting cv::Mat to QImage
2025-07-31 01:19:25.352 [DEBUG] QImage created: 194x127
2025-07-31 01:19:25.352 [DEBUG] Image label created and configured
2025-07-31 01:19:25.352 [DEBUG] CellItemWidget layout completed
2025-07-31 01:19:25.352 [DEBUG] CellItemWidget constructor completed successfully
2025-07-31 01:19:25.352 [DEBUG] CellItemWidget 50 created successfully
2025-07-31 01:19:25.353 [DEBUG] Added cell 50 to grid at position (12, 2)
2025-07-31 01:19:25.353 [DEBUG] Creating CellItemWidget for cell 51
2025-07-31 01:19:25.353 [DEBUG] CellItemWidget constructor called
2025-07-31 01:19:25.353 [DEBUG] Cell info: diameterPx=106, diameterNm=79.0847, image size=166x123
2025-07-31 01:19:25.353 [DEBUG] Converting cv::Mat to QImage
2025-07-31 01:19:25.353 [DEBUG] QImage created: 166x123
2025-07-31 01:19:25.353 [DEBUG] Image label created and configured
2025-07-31 01:19:25.353 [DEBUG] CellItemWidget layout completed
2025-07-31 01:19:25.353 [DEBUG] CellItemWidget constructor completed successfully
2025-07-31 01:19:25.354 [DEBUG] CellItemWidget 51 created successfully
2025-07-31 01:19:25.354 [DEBUG] Added cell 51 to grid at position (12, 3)
2025-07-31 01:19:25.354 [DEBUG] Creating CellItemWidget for cell 52
2025-07-31 01:19:25.354 [DEBUG] CellItemWidget constructor called
2025-07-31 01:19:25.354 [DEBUG] Cell info: diameterPx=92, diameterNm=68.6395, image size=152x102
2025-07-31 01:19:25.354 [DEBUG] Converting cv::Mat to QImage
2025-07-31 01:19:25.354 [DEBUG] QImage created: 152x102
2025-07-31 01:19:25.355 [DEBUG] Image label created and configured
2025-07-31 01:19:25.355 [DEBUG] CellItemWidget layout completed
2025-07-31 01:19:25.355 [DEBUG] CellItemWidget constructor completed successfully
2025-07-31 01:19:25.355 [DEBUG] CellItemWidget 52 created successfully
2025-07-31 01:19:25.356 [DEBUG] Added cell 52 to grid at position (13, 0)
2025-07-31 01:19:25.356 [DEBUG] Creating CellItemWidget for cell 53
2025-07-31 01:19:25.356 [DEBUG] CellItemWidget constructor called
2025-07-31 01:19:25.356 [DEBUG] Cell info: diameterPx=84, diameterNm=62.6709, image size=144x144
2025-07-31 01:19:25.356 [DEBUG] Converting cv::Mat to QImage
2025-07-31 01:19:25.356 [DEBUG] QImage created: 144x144
2025-07-31 01:19:25.356 [DEBUG] Image label created and configured
2025-07-31 01:19:25.356 [DEBUG] CellItemWidget layout completed
2025-07-31 01:19:25.357 [DEBUG] CellItemWidget constructor completed successfully
2025-07-31 01:19:25.357 [DEBUG] CellItemWidget 53 created successfully
2025-07-31 01:19:25.357 [DEBUG] Added cell 53 to grid at position (13, 1)
2025-07-31 01:19:25.357 [DEBUG] Creating CellItemWidget for cell 54
2025-07-31 01:19:25.357 [DEBUG] CellItemWidget constructor called
2025-07-31 01:19:25.357 [DEBUG] Cell info: diameterPx=80, diameterNm=59.6865, image size=140x140
2025-07-31 01:19:25.357 [DEBUG] Converting cv::Mat to QImage
2025-07-31 01:19:25.357 [DEBUG] QImage created: 140x140
2025-07-31 01:19:25.357 [DEBUG] Image label created and configured
2025-07-31 01:19:25.357 [DEBUG] CellItemWidget layout completed
2025-07-31 01:19:25.358 [DEBUG] CellItemWidget constructor completed successfully
2025-07-31 01:19:25.358 [DEBUG] CellItemWidget 54 created successfully
2025-07-31 01:19:25.358 [DEBUG] Added cell 54 to grid at position (13, 2)
2025-07-31 01:19:25.358 [DEBUG] Creating CellItemWidget for cell 55
2025-07-31 01:19:25.358 [DEBUG] CellItemWidget constructor called
2025-07-31 01:19:25.358 [DEBUG] Cell info: diameterPx=86, diameterNm=64.163, image size=119x145
2025-07-31 01:19:25.358 [DEBUG] Converting cv::Mat to QImage
2025-07-31 01:19:25.358 [DEBUG] QImage created: 119x145
2025-07-31 01:19:25.358 [DEBUG] Image label created and configured
2025-07-31 01:19:25.359 [DEBUG] CellItemWidget layout completed
2025-07-31 01:19:25.359 [DEBUG] CellItemWidget constructor completed successfully
2025-07-31 01:19:25.359 [DEBUG] CellItemWidget 55 created successfully
2025-07-31 01:19:25.359 [DEBUG] Added cell 55 to grid at position (13, 3)
2025-07-31 01:19:25.359 [DEBUG] Creating CellItemWidget for cell 56
2025-07-31 01:19:25.359 [DEBUG] CellItemWidget constructor called
2025-07-31 01:19:25.359 [DEBUG] Cell info: diameterPx=94, diameterNm=70.1317, image size=154x154
2025-07-31 01:19:25.360 [DEBUG] Converting cv::Mat to QImage
2025-07-31 01:19:25.360 [DEBUG] QImage created: 154x154
2025-07-31 01:19:25.360 [DEBUG] Image label created and configured
2025-07-31 01:19:25.360 [DEBUG] CellItemWidget layout completed
2025-07-31 01:19:25.360 [DEBUG] CellItemWidget constructor completed successfully
2025-07-31 01:19:25.360 [DEBUG] CellItemWidget 56 created successfully
2025-07-31 01:19:25.361 [DEBUG] Added cell 56 to grid at position (14, 0)
2025-07-31 01:19:25.361 [DEBUG] Creating CellItemWidget for cell 57
2025-07-31 01:19:25.361 [DEBUG] CellItemWidget constructor called
2025-07-31 01:19:25.361 [DEBUG] Cell info: diameterPx=92, diameterNm=68.6395, image size=152x152
2025-07-31 01:19:25.361 [DEBUG] Converting cv::Mat to QImage
2025-07-31 01:19:25.361 [DEBUG] QImage created: 152x152
2025-07-31 01:19:25.361 [DEBUG] Image label created and configured
2025-07-31 01:19:25.361 [DEBUG] CellItemWidget layout completed
2025-07-31 01:19:25.361 [DEBUG] CellItemWidget constructor completed successfully
2025-07-31 01:19:25.361 [DEBUG] CellItemWidget 57 created successfully
2025-07-31 01:19:25.361 [DEBUG] Added cell 57 to grid at position (14, 1)
2025-07-31 01:19:25.361 [DEBUG] Creating CellItemWidget for cell 58
2025-07-31 01:19:25.362 [DEBUG] CellItemWidget constructor called
2025-07-31 01:19:25.362 [DEBUG] Cell info: diameterPx=60, diameterNm=44.7649, image size=120x120
2025-07-31 01:19:25.362 [DEBUG] Converting cv::Mat to QImage
2025-07-31 01:19:25.362 [DEBUG] QImage created: 120x120
2025-07-31 01:19:25.362 [DEBUG] Image label created and configured
2025-07-31 01:19:25.362 [DEBUG] CellItemWidget layout completed
2025-07-31 01:19:25.362 [DEBUG] CellItemWidget constructor completed successfully
2025-07-31 01:19:25.362 [DEBUG] CellItemWidget 58 created successfully
2025-07-31 01:19:25.362 [DEBUG] Added cell 58 to grid at position (14, 2)
2025-07-31 01:19:25.362 [DEBUG] Creating CellItemWidget for cell 59
2025-07-31 01:19:25.363 [DEBUG] CellItemWidget constructor called
2025-07-31 01:19:25.363 [DEBUG] Cell info: diameterPx=106, diameterNm=79.0847, image size=166x166
2025-07-31 01:19:25.363 [DEBUG] Converting cv::Mat to QImage
2025-07-31 01:19:25.363 [DEBUG] QImage created: 166x166
2025-07-31 01:19:25.363 [DEBUG] Image label created and configured
2025-07-31 01:19:25.363 [DEBUG] CellItemWidget layout completed
2025-07-31 01:19:25.363 [DEBUG] CellItemWidget constructor completed successfully
2025-07-31 01:19:25.363 [DEBUG] CellItemWidget 59 created successfully
2025-07-31 01:19:25.364 [DEBUG] Added cell 59 to grid at position (14, 3)
2025-07-31 01:19:25.364 [DEBUG] Creating CellItemWidget for cell 60
2025-07-31 01:19:25.364 [DEBUG] CellItemWidget constructor called
2025-07-31 01:19:25.364 [DEBUG] Cell info: diameterPx=96, diameterNm=71.6238, image size=156x156
2025-07-31 01:19:25.364 [DEBUG] Converting cv::Mat to QImage
2025-07-31 01:19:25.364 [DEBUG] QImage created: 156x156
2025-07-31 01:19:25.364 [DEBUG] Image label created and configured
2025-07-31 01:19:25.365 [DEBUG] CellItemWidget layout completed
2025-07-31 01:19:25.365 [DEBUG] CellItemWidget constructor completed successfully
2025-07-31 01:19:25.365 [DEBUG] CellItemWidget 60 created successfully
2025-07-31 01:19:25.365 [DEBUG] Added cell 60 to grid at position (15, 0)
2025-07-31 01:19:25.365 [DEBUG] Creating CellItemWidget for cell 61
2025-07-31 01:19:25.365 [DEBUG] CellItemWidget constructor called
2025-07-31 01:19:25.365 [DEBUG] Cell info: diameterPx=86, diameterNm=64.163, image size=146x146
2025-07-31 01:19:25.365 [DEBUG] Converting cv::Mat to QImage
2025-07-31 01:19:25.365 [DEBUG] QImage created: 146x146
2025-07-31 01:19:25.366 [DEBUG] Image label created and configured
2025-07-31 01:19:25.366 [DEBUG] CellItemWidget layout completed
2025-07-31 01:19:25.366 [DEBUG] CellItemWidget constructor completed successfully
2025-07-31 01:19:25.366 [DEBUG] CellItemWidget 61 created successfully
2025-07-31 01:19:25.366 [DEBUG] Added cell 61 to grid at position (15, 1)
2025-07-31 01:19:25.366 [DEBUG] Creating CellItemWidget for cell 62
2025-07-31 01:19:25.366 [DEBUG] CellItemWidget constructor called
2025-07-31 01:19:25.366 [DEBUG] Cell info: diameterPx=80, diameterNm=59.6865, image size=140x140
2025-07-31 01:19:25.366 [DEBUG] Converting cv::Mat to QImage
2025-07-31 01:19:25.366 [DEBUG] QImage created: 140x140
2025-07-31 01:19:25.367 [DEBUG] Image label created and configured
2025-07-31 01:19:25.367 [DEBUG] CellItemWidget layout completed
2025-07-31 01:19:25.367 [DEBUG] CellItemWidget constructor completed successfully
2025-07-31 01:19:25.367 [DEBUG] CellItemWidget 62 created successfully
2025-07-31 01:19:25.367 [DEBUG] Added cell 62 to grid at position (15, 2)
2025-07-31 01:19:25.367 [DEBUG] Creating CellItemWidget for cell 63
2025-07-31 01:19:25.367 [DEBUG] CellItemWidget constructor called
2025-07-31 01:19:25.367 [DEBUG] Cell info: diameterPx=126, diameterNm=94.0063, image size=186x186
2025-07-31 01:19:25.367 [DEBUG] Converting cv::Mat to QImage
2025-07-31 01:19:25.368 [DEBUG] QImage created: 186x186
2025-07-31 01:19:25.368 [DEBUG] Image label created and configured
2025-07-31 01:19:25.368 [DEBUG] CellItemWidget layout completed
2025-07-31 01:19:25.368 [DEBUG] CellItemWidget constructor completed successfully
2025-07-31 01:19:25.368 [DEBUG] CellItemWidget 63 created successfully
2025-07-31 01:19:25.369 [DEBUG] Added cell 63 to grid at position (15, 3)
2025-07-31 01:19:25.369 [DEBUG] Creating CellItemWidget for cell 64
2025-07-31 01:19:25.369 [DEBUG] CellItemWidget constructor called
2025-07-31 01:19:25.369 [DEBUG] Cell info: diameterPx=90, diameterNm=67.1473, image size=150x150
2025-07-31 01:19:25.369 [DEBUG] Converting cv::Mat to QImage
2025-07-31 01:19:25.369 [DEBUG] QImage created: 150x150
2025-07-31 01:19:25.369 [DEBUG] Image label created and configured
2025-07-31 01:19:25.369 [DEBUG] CellItemWidget layout completed
2025-07-31 01:19:25.369 [DEBUG] CellItemWidget constructor completed successfully
2025-07-31 01:19:25.370 [DEBUG] CellItemWidget 64 created successfully
2025-07-31 01:19:25.370 [DEBUG] Added cell 64 to grid at position (16, 0)
2025-07-31 01:19:25.370 [DEBUG] Creating CellItemWidget for cell 65
2025-07-31 01:19:25.370 [DEBUG] CellItemWidget constructor called
2025-07-31 01:19:25.370 [DEBUG] Cell info: diameterPx=84, diameterNm=62.6709, image size=144x144
2025-07-31 01:19:25.370 [DEBUG] Converting cv::Mat to QImage
2025-07-31 01:19:25.370 [DEBUG] QImage created: 144x144
2025-07-31 01:19:25.370 [DEBUG] Image label created and configured
2025-07-31 01:19:25.371 [DEBUG] CellItemWidget layout completed
2025-07-31 01:19:25.371 [DEBUG] CellItemWidget constructor completed successfully
2025-07-31 01:19:25.371 [DEBUG] CellItemWidget 65 created successfully
2025-07-31 01:19:25.371 [DEBUG] Added cell 65 to grid at position (16, 1)
2025-07-31 01:19:25.371 [DEBUG] Creating CellItemWidget for cell 66
2025-07-31 01:19:25.371 [DEBUG] CellItemWidget constructor called
2025-07-31 01:19:25.371 [DEBUG] Cell info: diameterPx=84, diameterNm=62.6709, image size=144x144
2025-07-31 01:19:25.371 [DEBUG] Converting cv::Mat to QImage
2025-07-31 01:19:25.371 [DEBUG] QImage created: 144x144
2025-07-31 01:19:25.372 [DEBUG] Image label created and configured
2025-07-31 01:19:25.372 [DEBUG] CellItemWidget layout completed
2025-07-31 01:19:25.372 [DEBUG] CellItemWidget constructor completed successfully
2025-07-31 01:19:25.372 [DEBUG] CellItemWidget 66 created successfully
2025-07-31 01:19:25.372 [DEBUG] Added cell 66 to grid at position (16, 2)
2025-07-31 01:19:25.372 [DEBUG] Creating CellItemWidget for cell 67
2025-07-31 01:19:25.372 [DEBUG] CellItemWidget constructor called
2025-07-31 01:19:25.372 [DEBUG] Cell info: diameterPx=102, diameterNm=76.1003, image size=162x162
2025-07-31 01:19:25.373 [DEBUG] Converting cv::Mat to QImage
2025-07-31 01:19:25.373 [DEBUG] QImage created: 162x162
2025-07-31 01:19:25.373 [DEBUG] Image label created and configured
2025-07-31 01:19:25.373 [DEBUG] CellItemWidget layout completed
2025-07-31 01:19:25.374 [DEBUG] CellItemWidget constructor completed successfully
2025-07-31 01:19:25.374 [DEBUG] CellItemWidget 67 created successfully
2025-07-31 01:19:25.374 [DEBUG] Added cell 67 to grid at position (16, 3)
2025-07-31 01:19:25.374 [DEBUG] Creating CellItemWidget for cell 68
2025-07-31 01:19:25.374 [DEBUG] CellItemWidget constructor called
2025-07-31 01:19:25.374 [DEBUG] Cell info: diameterPx=130, diameterNm=96.9906, image size=190x190
2025-07-31 01:19:25.374 [DEBUG] Converting cv::Mat to QImage
2025-07-31 01:19:25.374 [DEBUG] QImage created: 190x190
2025-07-31 01:19:25.375 [DEBUG] Image label created and configured
2025-07-31 01:19:25.375 [DEBUG] CellItemWidget layout completed
2025-07-31 01:19:25.375 [DEBUG] CellItemWidget constructor completed successfully
2025-07-31 01:19:25.375 [DEBUG] CellItemWidget 68 created successfully
2025-07-31 01:19:25.375 [DEBUG] Added cell 68 to grid at position (17, 0)
2025-07-31 01:19:25.375 [DEBUG] Creating CellItemWidget for cell 69
2025-07-31 01:19:25.375 [DEBUG] CellItemWidget constructor called
2025-07-31 01:19:25.375 [DEBUG] Cell info: diameterPx=60, diameterNm=44.7649, image size=120x120
2025-07-31 01:19:25.376 [DEBUG] Converting cv::Mat to QImage
2025-07-31 01:19:25.376 [DEBUG] QImage created: 120x120
2025-07-31 01:19:25.376 [DEBUG] Image label created and configured
2025-07-31 01:19:25.376 [DEBUG] CellItemWidget layout completed
2025-07-31 01:19:25.376 [DEBUG] CellItemWidget constructor completed successfully
2025-07-31 01:19:25.376 [DEBUG] CellItemWidget 69 created successfully
2025-07-31 01:19:25.376 [DEBUG] Added cell 69 to grid at position (17, 1)
2025-07-31 01:19:25.376 [DEBUG] Creating CellItemWidget for cell 70
2025-07-31 01:19:25.376 [DEBUG] CellItemWidget constructor called
2025-07-31 01:19:25.376 [DEBUG] Cell info: diameterPx=158, diameterNm=117.881, image size=218x205
2025-07-31 01:19:25.377 [DEBUG] Converting cv::Mat to QImage
2025-07-31 01:19:25.377 [DEBUG] QImage created: 218x205
2025-07-31 01:19:25.377 [DEBUG] Image label created and configured
2025-07-31 01:19:25.377 [DEBUG] CellItemWidget layout completed
2025-07-31 01:19:25.377 [DEBUG] CellItemWidget constructor completed successfully
2025-07-31 01:19:25.377 [DEBUG] CellItemWidget 70 created successfully
2025-07-31 01:19:25.377 [DEBUG] Added cell 70 to grid at position (17, 2)
2025-07-31 01:19:25.377 [DEBUG] Creating CellItemWidget for cell 71
2025-07-31 01:19:25.378 [DEBUG] CellItemWidget constructor called
2025-07-31 01:19:25.378 [DEBUG] Cell info: diameterPx=104, diameterNm=77.5925, image size=164x164
2025-07-31 01:19:25.378 [DEBUG] Converting cv::Mat to QImage
2025-07-31 01:19:25.378 [DEBUG] QImage created: 164x164
2025-07-31 01:19:25.378 [DEBUG] Image label created and configured
2025-07-31 01:19:25.378 [DEBUG] CellItemWidget layout completed
2025-07-31 01:19:25.378 [DEBUG] CellItemWidget constructor completed successfully
2025-07-31 01:19:25.378 [DEBUG] CellItemWidget 71 created successfully
2025-07-31 01:19:25.378 [DEBUG] Added cell 71 to grid at position (17, 3)
2025-07-31 01:19:25.379 [DEBUG] Creating CellItemWidget for cell 72
2025-07-31 01:19:25.379 [DEBUG] CellItemWidget constructor called
2025-07-31 01:19:25.379 [DEBUG] Cell info: diameterPx=82, diameterNm=61.1787, image size=142x91
2025-07-31 01:19:25.379 [DEBUG] Converting cv::Mat to QImage
2025-07-31 01:19:25.379 [DEBUG] QImage created: 142x91
2025-07-31 01:19:25.379 [DEBUG] Image label created and configured
2025-07-31 01:19:25.379 [DEBUG] CellItemWidget layout completed
2025-07-31 01:19:25.379 [DEBUG] CellItemWidget constructor completed successfully
2025-07-31 01:19:25.379 [DEBUG] CellItemWidget 72 created successfully
2025-07-31 01:19:25.380 [DEBUG] Added cell 72 to grid at position (18, 0)
2025-07-31 01:19:25.380 [DEBUG] Creating CellItemWidget for cell 73
2025-07-31 01:19:25.380 [DEBUG] CellItemWidget constructor called
2025-07-31 01:19:25.380 [DEBUG] Cell info: diameterPx=132, diameterNm=98.4828, image size=192x192
2025-07-31 01:19:25.380 [DEBUG] Converting cv::Mat to QImage
2025-07-31 01:19:25.380 [DEBUG] QImage created: 192x192
2025-07-31 01:19:25.380 [DEBUG] Image label created and configured
2025-07-31 01:19:25.380 [DEBUG] CellItemWidget layout completed
2025-07-31 01:19:25.380 [DEBUG] CellItemWidget constructor completed successfully
2025-07-31 01:19:25.380 [DEBUG] CellItemWidget 73 created successfully
2025-07-31 01:19:25.380 [DEBUG] Added cell 73 to grid at position (18, 1)
2025-07-31 01:19:25.381 [DEBUG] Creating CellItemWidget for cell 74
2025-07-31 01:19:25.381 [DEBUG] CellItemWidget constructor called
2025-07-31 01:19:25.381 [DEBUG] Cell info: diameterPx=80, diameterNm=59.6865, image size=140x140
2025-07-31 01:19:25.381 [DEBUG] Converting cv::Mat to QImage
2025-07-31 01:19:25.381 [DEBUG] QImage created: 140x140
2025-07-31 01:19:25.381 [DEBUG] Image label created and configured
2025-07-31 01:19:25.381 [DEBUG] CellItemWidget layout completed
2025-07-31 01:19:25.381 [DEBUG] CellItemWidget constructor completed successfully
2025-07-31 01:19:25.381 [DEBUG] CellItemWidget 74 created successfully
2025-07-31 01:19:25.381 [DEBUG] Added cell 74 to grid at position (18, 2)
2025-07-31 01:19:25.382 [DEBUG] Creating CellItemWidget for cell 75
2025-07-31 01:19:25.382 [DEBUG] CellItemWidget constructor called
2025-07-31 01:19:25.382 [DEBUG] Cell info: diameterPx=66, diameterNm=49.2414, image size=126x126
2025-07-31 01:19:25.382 [DEBUG] Converting cv::Mat to QImage
2025-07-31 01:19:25.382 [DEBUG] QImage created: 126x126
2025-07-31 01:19:25.382 [DEBUG] Image label created and configured
2025-07-31 01:19:25.382 [DEBUG] CellItemWidget layout completed
2025-07-31 01:19:25.382 [DEBUG] CellItemWidget constructor completed successfully
2025-07-31 01:19:25.382 [DEBUG] CellItemWidget 75 created successfully
2025-07-31 01:19:25.382 [DEBUG] Added cell 75 to grid at position (18, 3)
2025-07-31 01:19:25.383 [DEBUG] Creating CellItemWidget for cell 76
2025-07-31 01:19:25.383 [DEBUG] CellItemWidget constructor called
2025-07-31 01:19:25.383 [DEBUG] Cell info: diameterPx=96, diameterNm=71.6238, image size=156x156
2025-07-31 01:19:25.383 [DEBUG] Converting cv::Mat to QImage
2025-07-31 01:19:25.383 [DEBUG] QImage created: 156x156
2025-07-31 01:19:25.383 [DEBUG] Image label created and configured
2025-07-31 01:19:25.383 [DEBUG] CellItemWidget layout completed
2025-07-31 01:19:25.383 [DEBUG] CellItemWidget constructor completed successfully
2025-07-31 01:19:25.384 [DEBUG] CellItemWidget 76 created successfully
2025-07-31 01:19:25.384 [DEBUG] Added cell 76 to grid at position (19, 0)
2025-07-31 01:19:25.384 [INFO] setupGridView() completed. Created 77 cell widgets
2025-07-31 01:19:25.384 [INFO] VerificationWidget layout completed
2025-07-31 01:19:25.384 [INFO] VerificationWidget constructor completed successfully
2025-07-31 01:19:25.384 [INFO] VerificationWidget created successfully
2025-07-31 01:19:25.384 [INFO] Connecting analysisCompleted signal
2025-07-31 01:19:25.384 [INFO] Setting VerificationWidget as central widget
2025-07-31 01:19:25.407 [INFO] onParametersConfirmed() completed successfully
2025-07-31 01:19:25.407 [INFO] parametersConfirmed signal emitted
2025-07-31 01:37:42.352 [INFO] ==================================================
2025-07-31 01:37:42.353 [INFO] CellAnalyzer application started
2025-07-31 01:37:42.353 [INFO] ==================================================
2025-07-31 01:38:17.129 [INFO] ParameterTuningWidget::onConfirmClicked() called
2025-07-31 01:38:17.130 [INFO] Parameters: dp=1, minDist=30, param1=85, param2=50, minRadius=30, maxRadius=140
2025-07-31 01:38:17.130 [INFO] MainWindow::onParametersConfirmed() called
2025-07-31 01:38:17.130 [INFO] Saving parameters to settings
2025-07-31 01:38:17.131 [INFO] Parameters saved successfully
2025-07-31 01:38:17.131 [INFO] Cleaning up parameter tuning widget
2025-07-31 01:38:17.131 [INFO] Parameter tuning widget cleaned up
2025-07-31 01:38:17.131 [INFO] Creating ImageProcessor
2025-07-31 01:38:17.133 [INFO] ImageProcessor created successfully
2025-07-31 01:38:17.133 [INFO] Processing 1 images
2025-07-31 01:38:17.339 [INFO] Images processed successfully
2025-07-31 01:38:17.339 [INFO] Detected 69 cells
2025-07-31 01:38:17.340 [INFO] Cleaning up old verification widget
2025-07-31 01:38:17.340 [INFO] Creating copy of detected cells
2025-07-31 01:38:17.340 [INFO] Copied 69 cells
2025-07-31 01:38:17.340 [INFO] ImageProcessor deleted
2025-07-31 01:38:17.341 [INFO] Creating VerificationWidget
2025-07-31 01:38:17.342 [INFO] VerificationWidget constructor called
2025-07-31 01:38:17.342 [INFO] Received 69 cells
2025-07-31 01:38:17.343 [INFO] Main layout created
2025-07-31 01:38:17.344 [INFO] setupGridView() called
2025-07-31 01:38:17.345 [INFO] Number of cells to display: 69
2025-07-31 01:39:23.700 [INFO] ==================================================
2025-07-31 01:39:23.701 [INFO] CellAnalyzer application started
2025-07-31 01:39:23.701 [INFO] ==================================================
2025-07-31 01:39:50.959 [INFO] ParameterTuningWidget::onConfirmClicked() called
2025-07-31 01:39:50.959 [INFO] Parameters: dp=1, minDist=30, param1=70, param2=60, minRadius=30, maxRadius=140
2025-07-31 01:39:50.960 [INFO] MainWindow::onParametersConfirmed() called
2025-07-31 01:39:50.960 [INFO] Saving parameters to settings
2025-07-31 01:39:50.960 [INFO] Parameters saved successfully
2025-07-31 01:39:50.961 [INFO] Cleaning up parameter tuning widget
2025-07-31 01:39:50.961 [INFO] Parameter tuning widget cleaned up
2025-07-31 01:39:50.961 [INFO] Creating ImageProcessor
2025-07-31 01:39:50.961 [INFO] ImageProcessor created successfully
2025-07-31 01:39:50.961 [INFO] Processing 1 images
2025-07-31 01:39:51.154 [INFO] Images processed successfully
2025-07-31 01:39:51.155 [INFO] Detected 65 cells
2025-07-31 01:39:51.155 [INFO] Cleaning up old verification widget
2025-07-31 01:39:51.155 [INFO] Creating copy of detected cells
2025-07-31 01:39:51.155 [INFO] Copied 65 cells
2025-07-31 01:39:51.155 [INFO] ImageProcessor deleted
2025-07-31 01:39:51.155 [INFO] Creating VerificationWidget
2025-07-31 01:39:51.155 [INFO] VerificationWidget constructor called
2025-07-31 01:39:51.156 [INFO] Received 65 cells
2025-07-31 01:39:51.156 [INFO] Main layout created
2025-07-31 01:39:51.156 [INFO] setupGridView() called
2025-07-31 01:39:51.156 [INFO] Number of cells to display: 65
