2025-08-22 12:29:48.796 [INFO] ==================================================
2025-08-22 12:29:48.796 [INFO] CellAnalyzer application started
2025-08-22 12:29:48.796 [INFO] ==================================================
2025-08-22 12:30:18.327 [INFO] ParameterTuningWidget::onConfirmClicked() called
2025-08-22 12:30:18.327 [INFO] Parameters: dp=1, minDist=30, param1=90, param2=50, minRadius=30, maxRadius=130
2025-08-22 12:30:18.327 [INFO] MainWindow::onParametersConfirmed() called
2025-08-22 12:30:18.327 [INFO] Saving parameters to settings
2025-08-22 12:30:18.327 [INFO] Parameters saved successfully
2025-08-22 12:30:18.328 [INFO] Cleaning up parameter tuning widget
2025-08-22 12:30:18.328 [INFO] Parameter tuning widget cleaned up
2025-08-22 12:30:18.331 [INFO] Creating ImageProcessor
2025-08-22 12:30:18.331 [INFO] ImageProcessor created
2025-08-22 12:30:18.331 [INFO] ImageProcessor created successfully
2025-08-22 12:30:18.331 [INFO] Processing 1 images
2025-08-22 12:30:18.331 [INFO] Processing 1 images
2025-08-22 12:30:18.407 [INFO] Scale detected: 100 nm over 61.0737 pixels = 1.63737 nm/pixel
2025-08-22 12:30:18.407 [INFO] Scale detected: 1.63737 nm/pixel
2025-08-22 12:30:18.413 [INFO] Processing complete. Detected 65 cells total
2025-08-22 12:30:18.413 [INFO] Images processed successfully
2025-08-22 12:30:18.413 [INFO] Detected 65 cells
2025-08-22 12:30:18.413 [INFO] Cleaning up old verification widget
2025-08-22 12:30:18.413 [INFO] Creating copy of detected cells
2025-08-22 12:30:18.413 [INFO] Copied 65 cells
2025-08-22 12:30:18.413 [INFO] ImageProcessor destroyed
2025-08-22 12:30:18.413 [INFO] ImageProcessor deleted
2025-08-22 12:30:18.413 [INFO] Creating VerificationWidget
2025-08-22 12:30:18.413 [INFO] VerificationWidget constructor called
2025-08-22 12:30:18.413 [INFO] Received 65 cells
2025-08-22 12:30:18.413 [INFO] Main layout created
2025-08-22 12:30:18.413 [INFO] VerificationWidget UI setup completed
2025-08-22 12:30:18.413 [INFO] setupGridView() called
2025-08-22 12:30:18.413 [INFO] Number of cells to display: 65
2025-08-22 12:30:18.413 [INFO] Cleaning up widgets
2025-08-22 12:30:18.413 [INFO] Widget cleanup completed
2025-08-22 12:30:18.413 [INFO] Grid layout: width=70, columns=1
2025-08-22 12:30:18.434 [INFO] setupGridView() completed. Created 65 widgets
2025-08-22 12:30:18.434 [INFO] VerificationWidget created successfully
2025-08-22 12:30:18.434 [INFO] Connecting analysisCompleted signal
2025-08-22 12:30:18.434 [INFO] Setting VerificationWidget as central widget
2025-08-22 12:30:18.457 [INFO] onParametersConfirmed() completed successfully
2025-08-22 12:30:18.457 [INFO] parametersConfirmed signal emitted
2025-08-22 12:30:18.665 [INFO] setupGridView() called
2025-08-22 12:30:18.665 [INFO] Number of cells to display: 65
2025-08-22 12:30:18.665 [INFO] Cleaning up widgets
2025-08-22 12:30:18.665 [INFO] Widget cleanup completed
2025-08-22 12:30:18.665 [INFO] Grid layout: width=976, columns=5
2025-08-22 12:30:18.690 [INFO] setupGridView() completed. Created 65 widgets
2025-08-22 12:30:23.061 [INFO] setupListView() called
2025-08-22 12:30:23.061 [INFO] Cleaning up widgets
2025-08-22 12:30:23.061 [INFO] Widget cleanup completed
2025-08-22 12:30:23.085 [INFO] setupListView() completed
2025-08-22 12:30:41.780 [INFO] Analysis completed, returning to main screen
2025-08-22 12:30:41.782 [INFO] VerificationWidget destructor called
2025-08-22 12:30:41.782 [INFO] Cleaning up widgets
2025-08-22 12:30:41.783 [INFO] Widget cleanup completed
2025-08-22 12:43:12.690 [INFO] ==================================================
2025-08-22 12:43:12.690 [INFO] CellAnalyzer application started
2025-08-22 12:43:12.691 [INFO] ==================================================
2025-08-22 12:47:18.165 [INFO] ==================================================
2025-08-22 12:47:18.166 [INFO] CellAnalyzer application started
2025-08-22 12:47:18.166 [INFO] ==================================================
2025-08-22 12:47:51.268 [INFO] ParameterTuningWidget::onConfirmClicked() called
2025-08-22 12:47:51.268 [INFO] Parameters: dp=1, minDist=30, param1=90, param2=50, minRadius=30, maxRadius=130
2025-08-22 12:47:51.268 [INFO] MainWindow::onParametersConfirmed() called
2025-08-22 12:47:51.268 [INFO] Saving parameters to settings
2025-08-22 12:47:51.269 [INFO] Parameters saved successfully
2025-08-22 12:47:51.269 [INFO] Cleaning up parameter tuning widget
2025-08-22 12:47:51.269 [INFO] Parameter tuning widget cleaned up
2025-08-22 12:47:51.269 [INFO] Creating ImageProcessor
2025-08-22 12:47:51.269 [INFO] ImageProcessor created
2025-08-22 12:47:51.269 [INFO] ImageProcessor created successfully
2025-08-22 12:47:51.269 [INFO] Processing 1 images
2025-08-22 12:47:51.269 [INFO] Processing 1 images
2025-08-22 12:47:51.331 [INFO] Scale detected: 100 nm over 61.0737 pixels = 1.63737 nm/pixel
2025-08-22 12:47:51.331 [INFO] Scale detected: 1.63737 nm/pixel
2025-08-22 12:47:51.337 [INFO] Processing complete. Detected 65 cells total
2025-08-22 12:47:51.337 [INFO] Images processed successfully
2025-08-22 12:47:51.337 [INFO] Detected 65 cells
2025-08-22 12:47:51.337 [INFO] Cleaning up old verification widget
2025-08-22 12:47:51.337 [INFO] Creating copy of detected cells
2025-08-22 12:47:51.337 [INFO] Copied 65 cells
2025-08-22 12:47:51.337 [INFO] ImageProcessor destroyed
2025-08-22 12:47:51.337 [INFO] ImageProcessor deleted
2025-08-22 12:47:51.337 [INFO] Creating VerificationWidget
2025-08-22 12:47:51.337 [INFO] VerificationWidget constructor called
2025-08-22 12:47:51.337 [INFO] Received 65 cells
2025-08-22 12:47:51.337 [INFO] Main layout created
2025-08-22 12:47:51.338 [INFO] VerificationWidget UI setup completed
2025-08-22 12:47:51.338 [INFO] setupGridView() called
2025-08-22 12:47:51.338 [INFO] Number of cells to display: 65
2025-08-22 12:47:51.338 [INFO] Cleaning up widgets
2025-08-22 12:47:51.338 [INFO] Widget cleanup completed
2025-08-22 12:47:51.338 [INFO] Grid layout: width=70, columns=1
2025-08-22 12:47:51.357 [INFO] setupGridView() completed. Created 65 widgets
2025-08-22 12:47:51.357 [INFO] VerificationWidget created successfully
2025-08-22 12:47:51.357 [INFO] Connecting analysisCompleted signal
2025-08-22 12:47:51.357 [INFO] Setting VerificationWidget as central widget
2025-08-22 12:47:51.383 [INFO] onParametersConfirmed() completed successfully
2025-08-22 12:47:51.383 [INFO] parametersConfirmed signal emitted
2025-08-22 12:47:51.586 [INFO] setupGridView() called
2025-08-22 12:47:51.587 [INFO] Number of cells to display: 65
2025-08-22 12:47:51.587 [INFO] Cleaning up widgets
2025-08-22 12:47:51.587 [INFO] Widget cleanup completed
2025-08-22 12:47:51.587 [INFO] Grid layout: width=976, columns=5
2025-08-22 12:47:51.611 [INFO] setupGridView() completed. Created 65 widgets
2025-08-22 12:47:53.017 [INFO] setupListView() called
2025-08-22 12:47:53.017 [INFO] Cleaning up widgets
2025-08-22 12:47:53.018 [INFO] Widget cleanup completed
2025-08-22 12:47:53.041 [INFO] setupListView() completed
2025-08-22 12:47:54.737 [INFO] setupGridView() called
2025-08-22 12:47:54.738 [INFO] Number of cells to display: 65
2025-08-22 12:47:54.738 [INFO] Cleaning up widgets
2025-08-22 12:47:54.738 [INFO] Widget cleanup completed
2025-08-22 12:47:54.738 [INFO] Grid layout: width=976, columns=5
2025-08-22 12:47:54.767 [INFO] setupGridView() completed. Created 65 widgets
2025-08-22 12:48:01.657 [INFO] setupListView() called
2025-08-22 12:48:01.657 [INFO] Cleaning up widgets
2025-08-22 12:48:01.657 [INFO] Widget cleanup completed
2025-08-22 12:48:01.681 [INFO] setupListView() completed
2025-08-22 12:48:03.133 [INFO] setupGridView() called
2025-08-22 12:48:03.133 [INFO] Number of cells to display: 65
2025-08-22 12:48:03.133 [INFO] Cleaning up widgets
2025-08-22 12:48:03.134 [INFO] Widget cleanup completed
2025-08-22 12:48:03.134 [INFO] Grid layout: width=976, columns=5
2025-08-22 12:48:03.159 [INFO] setupGridView() completed. Created 65 widgets
2025-08-22 12:50:55.371 [INFO] ==================================================
2025-08-22 12:50:55.373 [INFO] CellAnalyzer application started
2025-08-22 12:50:55.373 [INFO] ==================================================
2025-08-22 12:51:04.197 [INFO] ParameterTuningWidget::onConfirmClicked() called
2025-08-22 12:51:04.197 [INFO] Parameters: dp=1, minDist=30, param1=90, param2=50, minRadius=30, maxRadius=130
2025-08-22 12:51:04.197 [INFO] MainWindow::onParametersConfirmed() called
2025-08-22 12:51:04.197 [INFO] Saving parameters to settings
2025-08-22 12:51:04.198 [INFO] Parameters saved successfully
2025-08-22 12:51:04.198 [INFO] Cleaning up parameter tuning widget
2025-08-22 12:51:04.198 [INFO] Parameter tuning widget cleaned up
2025-08-22 12:51:04.198 [INFO] Creating ImageProcessor
2025-08-22 12:51:04.198 [INFO] ImageProcessor created
2025-08-22 12:51:04.198 [INFO] ImageProcessor created successfully
2025-08-22 12:51:04.198 [INFO] Processing 1 images
2025-08-22 12:51:04.198 [INFO] Processing 1 images
2025-08-22 12:51:04.256 [INFO] Scale detected: 100 nm over 61.0737 pixels = 1.63737 nm/pixel
2025-08-22 12:51:04.256 [INFO] Scale detected: 1.63737 nm/pixel
2025-08-22 12:51:04.262 [INFO] Processing complete. Detected 65 cells total
2025-08-22 12:51:04.262 [INFO] Images processed successfully
2025-08-22 12:51:04.262 [INFO] Detected 65 cells
2025-08-22 12:51:04.262 [INFO] Cleaning up old verification widget
2025-08-22 12:51:04.262 [INFO] Creating copy of detected cells
2025-08-22 12:51:04.262 [INFO] Copied 65 cells
2025-08-22 12:51:04.262 [INFO] ImageProcessor destroyed
2025-08-22 12:51:04.262 [INFO] ImageProcessor deleted
2025-08-22 12:51:04.262 [INFO] Creating VerificationWidget
2025-08-22 12:51:04.262 [INFO] VerificationWidget constructor called
2025-08-22 12:51:04.262 [INFO] Received 65 cells
2025-08-22 12:51:04.262 [INFO] Main layout created
2025-08-22 12:51:04.263 [INFO] VerificationWidget UI setup completed
2025-08-22 12:51:04.263 [INFO] setupGridView() called
2025-08-22 12:51:04.263 [INFO] Number of cells to display: 65
2025-08-22 12:51:04.263 [INFO] Cleaning up widgets
2025-08-22 12:51:04.263 [INFO] Widget cleanup completed
2025-08-22 12:51:04.263 [INFO] Grid layout: width=70, columns=1
2025-08-22 12:51:04.282 [INFO] setupGridView() completed. Created 65 widgets
2025-08-22 12:51:04.282 [INFO] VerificationWidget created successfully
2025-08-22 12:51:04.282 [INFO] Connecting analysisCompleted signal
2025-08-22 12:51:04.282 [INFO] Setting VerificationWidget as central widget
2025-08-22 12:51:04.303 [INFO] onParametersConfirmed() completed successfully
2025-08-22 12:51:04.303 [INFO] parametersConfirmed signal emitted
2025-08-22 12:51:04.504 [INFO] setupGridView() called
2025-08-22 12:51:04.504 [INFO] Number of cells to display: 65
2025-08-22 12:51:04.504 [INFO] Cleaning up widgets
2025-08-22 12:51:04.504 [INFO] Widget cleanup completed
2025-08-22 12:51:04.504 [INFO] Grid layout: width=976, columns=5
2025-08-22 12:51:04.530 [INFO] setupGridView() completed. Created 65 widgets
2025-08-22 12:51:05.989 [INFO] setupListView() called
2025-08-22 12:51:05.989 [INFO] Cleaning up widgets
2025-08-22 12:51:05.989 [INFO] Widget cleanup completed
2025-08-22 12:51:06.013 [INFO] setupListView() completed
2025-08-22 12:51:06.803 [INFO] setupGridView() called
2025-08-22 12:51:06.803 [INFO] Number of cells to display: 65
2025-08-22 12:51:06.803 [INFO] Cleaning up widgets
2025-08-22 12:51:06.803 [INFO] Widget cleanup completed
2025-08-22 12:51:06.803 [INFO] Grid layout: width=976, columns=5
2025-08-22 12:51:06.828 [INFO] setupGridView() completed. Created 65 widgets
2025-08-22 12:51:07.852 [INFO] setupListView() called
2025-08-22 12:51:07.852 [INFO] Cleaning up widgets
2025-08-22 12:51:07.852 [INFO] Widget cleanup completed
2025-08-22 12:51:07.877 [INFO] setupListView() completed
2025-08-22 12:51:08.340 [INFO] setupGridView() called
2025-08-22 12:51:08.340 [INFO] Number of cells to display: 65
2025-08-22 12:51:08.340 [INFO] Cleaning up widgets
2025-08-22 12:51:08.341 [INFO] Widget cleanup completed
2025-08-22 12:51:08.341 [INFO] Grid layout: width=976, columns=5
2025-08-22 12:51:08.367 [INFO] setupGridView() completed. Created 65 widgets
2025-08-22 12:51:08.871 [INFO] setupListView() called
2025-08-22 12:51:08.871 [INFO] Cleaning up widgets
2025-08-22 12:51:08.871 [INFO] Widget cleanup completed
2025-08-22 12:51:08.897 [INFO] setupListView() completed
2025-08-22 12:51:09.615 [INFO] setupGridView() called
2025-08-22 12:51:09.615 [INFO] Number of cells to display: 65
2025-08-22 12:51:09.615 [INFO] Cleaning up widgets
2025-08-22 12:51:09.615 [INFO] Widget cleanup completed
2025-08-22 12:51:09.615 [INFO] Grid layout: width=976, columns=5
2025-08-22 12:51:09.641 [INFO] setupGridView() completed. Created 65 widgets
2025-08-22 12:51:10.145 [INFO] setupListView() called
2025-08-22 12:51:10.145 [INFO] Cleaning up widgets
2025-08-22 12:51:10.145 [INFO] Widget cleanup completed
2025-08-22 12:51:10.170 [INFO] setupListView() completed
2025-08-22 12:51:11.765 [INFO] setupGridView() called
2025-08-22 12:51:11.765 [INFO] Number of cells to display: 65
2025-08-22 12:51:11.765 [INFO] Cleaning up widgets
2025-08-22 12:51:11.765 [INFO] Widget cleanup completed
2025-08-22 12:51:11.765 [INFO] Grid layout: width=976, columns=5
2025-08-22 12:51:11.791 [INFO] setupGridView() completed. Created 65 widgets
2025-08-22 12:51:13.841 [INFO] setupListView() called
2025-08-22 12:51:13.841 [INFO] Cleaning up widgets
2025-08-22 12:51:13.842 [INFO] Widget cleanup completed
2025-08-22 12:51:13.865 [INFO] setupListView() completed
2025-08-22 12:51:14.265 [INFO] setupGridView() called
2025-08-22 12:51:14.265 [INFO] Number of cells to display: 65
2025-08-22 12:51:14.265 [INFO] Cleaning up widgets
2025-08-22 12:51:14.265 [INFO] Widget cleanup completed
2025-08-22 12:51:14.265 [INFO] Grid layout: width=976, columns=5
2025-08-22 12:51:14.290 [INFO] setupGridView() completed. Created 65 widgets
2025-08-22 12:51:14.685 [INFO] setupListView() called
2025-08-22 12:51:14.685 [INFO] Cleaning up widgets
2025-08-22 12:51:14.686 [INFO] Widget cleanup completed
2025-08-22 12:51:14.711 [INFO] setupListView() completed
2025-08-22 12:51:15.114 [INFO] setupGridView() called
2025-08-22 12:51:15.114 [INFO] Number of cells to display: 65
2025-08-22 12:51:15.114 [INFO] Cleaning up widgets
2025-08-22 12:51:15.114 [INFO] Widget cleanup completed
2025-08-22 12:51:15.114 [INFO] Grid layout: width=976, columns=5
2025-08-22 12:51:15.139 [INFO] setupGridView() completed. Created 65 widgets
2025-08-22 12:51:15.708 [INFO] setupListView() called
2025-08-22 12:51:15.708 [INFO] Cleaning up widgets
2025-08-22 12:51:15.708 [INFO] Widget cleanup completed
2025-08-22 12:51:15.732 [INFO] setupListView() completed
2025-08-22 12:54:52.459 [INFO] ==================================================
2025-08-22 12:54:52.460 [INFO] CellAnalyzer application started
2025-08-22 12:54:52.460 [INFO] ==================================================
2025-08-22 13:00:09.046 [INFO] ParameterTuningWidget::onConfirmClicked() called
2025-08-22 13:00:09.046 [INFO] Parameters: dp=1, minDist=30, param1=90, param2=50, minRadius=30, maxRadius=130
2025-08-22 13:00:09.046 [INFO] MainWindow::onParametersConfirmed() called
2025-08-22 13:00:09.046 [INFO] Saving parameters to settings
2025-08-22 13:00:09.046 [INFO] Parameters saved successfully
2025-08-22 13:00:09.046 [INFO] Cleaning up parameter tuning widget
2025-08-22 13:00:09.047 [INFO] Parameter tuning widget cleaned up
2025-08-22 13:00:09.047 [INFO] Creating ImageProcessor
2025-08-22 13:00:09.047 [INFO] ImageProcessor created
2025-08-22 13:00:09.047 [INFO] ImageProcessor created successfully
2025-08-22 13:00:09.047 [INFO] Processing 1 images
2025-08-22 13:00:09.047 [INFO] Processing 1 images
2025-08-22 13:00:09.107 [INFO] Scale detected: 100 nm over 61.0737 pixels = 1.63737 nm/pixel
2025-08-22 13:00:09.107 [INFO] Scale detected: 1.63737 nm/pixel
2025-08-22 13:00:09.113 [INFO] Processing complete. Detected 65 cells total
2025-08-22 13:00:09.113 [INFO] Images processed successfully
2025-08-22 13:00:09.113 [INFO] Detected 65 cells
2025-08-22 13:00:09.113 [INFO] Cleaning up old verification widget
2025-08-22 13:00:09.113 [INFO] Creating copy of detected cells
2025-08-22 13:00:09.113 [INFO] Copied 65 cells
2025-08-22 13:00:09.113 [INFO] ImageProcessor destroyed
2025-08-22 13:00:09.113 [INFO] ImageProcessor deleted
2025-08-22 13:00:09.113 [INFO] Creating VerificationWidget
2025-08-22 13:00:09.113 [INFO] VerificationWidget constructor called
2025-08-22 13:00:09.113 [INFO] Received 65 cells
2025-08-22 13:00:09.113 [INFO] Main layout created
2025-08-22 13:00:09.113 [INFO] VerificationWidget UI setup completed
2025-08-22 13:00:09.113 [INFO] setupGridView() called
2025-08-22 13:00:09.113 [INFO] Number of cells to display: 65
2025-08-22 13:00:09.113 [INFO] Cleaning up widgets
2025-08-22 13:00:09.113 [INFO] Widget cleanup completed
2025-08-22 13:00:09.114 [INFO] Grid layout: width=70, columns=1
2025-08-22 13:00:09.133 [INFO] setupGridView() completed. Created 65 widgets
2025-08-22 13:00:09.134 [INFO] VerificationWidget created successfully
2025-08-22 13:00:09.134 [INFO] Connecting analysisCompleted signal
2025-08-22 13:00:09.134 [INFO] Setting VerificationWidget as central widget
2025-08-22 13:00:09.154 [INFO] onParametersConfirmed() completed successfully
2025-08-22 13:00:09.154 [INFO] parametersConfirmed signal emitted
2025-08-22 13:00:09.361 [INFO] setupGridView() called
2025-08-22 13:00:09.361 [INFO] Number of cells to display: 65
2025-08-22 13:00:09.361 [INFO] Cleaning up widgets
2025-08-22 13:00:09.362 [INFO] Widget cleanup completed
2025-08-22 13:00:09.362 [INFO] Grid layout: width=976, columns=5
2025-08-22 13:00:09.386 [INFO] setupGridView() completed. Created 65 widgets
2025-08-22 13:00:11.029 [INFO] setupListView() called
2025-08-22 13:00:11.029 [INFO] Cleaning up widgets
2025-08-22 13:00:11.029 [INFO] Widget cleanup completed
2025-08-22 13:00:11.052 [INFO] setupListView() completed
2025-08-22 13:00:11.823 [INFO] setupGridView() called
2025-08-22 13:00:11.823 [INFO] Number of cells to display: 65
2025-08-22 13:00:11.823 [INFO] Cleaning up widgets
2025-08-22 13:00:11.824 [INFO] Widget cleanup completed
2025-08-22 13:00:11.824 [INFO] Grid layout: width=976, columns=5
2025-08-22 13:00:11.850 [INFO] setupGridView() completed. Created 65 widgets
2025-08-22 13:06:25.688 [INFO] setupListView() called
2025-08-22 13:06:25.688 [INFO] Cleaning up widgets
2025-08-22 13:06:25.688 [INFO] Widget cleanup completed
2025-08-22 13:06:25.717 [INFO] setupListView() completed
2025-08-22 13:06:26.367 [INFO] setupGridView() called
2025-08-22 13:06:26.368 [INFO] Number of cells to display: 65
2025-08-22 13:06:26.368 [INFO] Cleaning up widgets
2025-08-22 13:06:26.368 [INFO] Widget cleanup completed
2025-08-22 13:06:26.368 [INFO] Grid layout: width=976, columns=5
2025-08-22 13:06:26.396 [INFO] setupGridView() completed. Created 65 widgets
2025-08-22 13:06:30.835 [INFO] VerificationWidget destructor called
2025-08-22 13:06:30.835 [INFO] Cleaning up widgets
2025-08-22 13:06:30.836 [INFO] Widget cleanup completed
2025-08-22 13:51:02.740 [INFO] ==================================================
2025-08-22 13:51:02.740 [INFO] CellAnalyzer application started
2025-08-22 13:51:02.740 [INFO] ==================================================
2025-08-22 14:13:22.483 [INFO] ==================================================
2025-08-22 14:13:22.484 [INFO] CellAnalyzer application started
2025-08-22 14:13:22.484 [INFO] ==================================================
2025-08-22 14:22:02.586 [INFO] ==================================================
2025-08-22 14:22:02.586 [INFO] CellAnalyzer application started
2025-08-22 14:22:02.586 [INFO] ==================================================
2025-08-22 14:22:21.034 [INFO] Автоподбор параметров для 16 клеток, начальный score=0.395062
2025-08-22 14:22:21.350 [INFO] Оптимизация завершена: 1 итераций, 315мс, финальный score=0.395062
2025-08-22 14:24:31.729 [INFO] ==================================================
2025-08-22 14:24:31.730 [INFO] CellAnalyzer application started
2025-08-22 14:24:31.730 [INFO] ==================================================
2025-08-22 14:33:44.444 [INFO] ==================================================
2025-08-22 14:33:44.444 [INFO] CellAnalyzer application started
2025-08-22 14:33:44.444 [INFO] ==================================================
2025-08-22 15:25:54.144 [INFO] ==================================================
2025-08-22 15:25:54.144 [INFO] CellAnalyzer application started
2025-08-22 15:25:54.144 [INFO] ==================================================
2025-08-22 15:26:04.497 [INFO] Автоподбор параметров для 2 клеток, начальный score=0.0597015
2025-08-22 15:26:04.787 [INFO] Оптимизация завершена: 1 итераций, 289мс, финальный score=0.0597015
2025-08-22 15:38:11.413 [INFO] ==================================================
2025-08-22 15:38:11.413 [INFO] CellAnalyzer application started
2025-08-22 15:38:11.413 [INFO] ==================================================
2025-08-22 15:39:15.332 [INFO] Автоподбор параметров для 53 клеток, начальный score=0.949153
2025-08-22 15:39:15.625 [INFO] Оптимизация завершена: 1 итераций, 292мс, финальный score=0.949153
2025-08-22 15:39:32.053 [INFO] Автоподбор параметров для 6 клеток, начальный score=0.584507
2025-08-22 15:39:32.321 [INFO] Оптимизация завершена: 1 итераций, 268мс, финальный score=0.584507
2025-08-22 15:39:50.400 [INFO] Автоподбор параметров для 6 клеток, начальный score=0.584507
2025-08-22 15:39:50.681 [INFO] Оптимизация завершена: 1 итераций, 280мс, финальный score=0.584507
2025-08-22 15:40:02.740 [INFO] Автоподбор параметров для 5 клеток, начальный score=0.571429
2025-08-22 15:40:03.047 [INFO] Оптимизация завершена: 1 итераций, 305мс, финальный score=0.571429
2025-08-22 15:40:15.109 [INFO] Автоподбор параметров для 8 клеток, начальный score=0.609589
2025-08-22 15:40:15.393 [INFO] Оптимизация завершена: 1 итераций, 284мс, финальный score=0.609589
2025-08-22 15:52:21.290 [INFO] ==================================================
2025-08-22 15:52:21.290 [INFO] CellAnalyzer application started
2025-08-22 15:52:21.291 [INFO] ==================================================
2025-08-22 15:52:40.115 [INFO] Оценка параметров: покрыто 10/10 точек, лишних кругов 55, итоговый счет 0.3
2025-08-22 15:52:40.115 [INFO] Автоподбор параметров для 10 клеток, начальный score=0.3
2025-08-22 15:52:40.398 [INFO] Оптимизация завершена: 1 итераций, 282мс, финальный score=0.3
2025-08-22 15:53:40.614 [INFO] Оценка параметров: покрыто 5/5 точек, лишних кругов 61, итоговый счет 0.3
2025-08-22 15:53:40.614 [INFO] Автоподбор параметров для 5 клеток, начальный score=0.3
2025-08-22 15:53:40.647 [INFO] Оценка параметров: покрыто 5/5 точек, лишних кругов 61, итоговый счет 0.3
2025-08-22 15:53:40.672 [INFO] Оценка параметров: покрыто 5/5 точек, лишних кругов 60, итоговый счет 0.3
2025-08-22 15:53:40.706 [INFO] Оценка параметров: покрыто 5/5 точек, лишних кругов 60, итоговый счет 0.3
2025-08-22 15:53:40.732 [INFO] Оценка параметров: покрыто 5/5 точек, лишних кругов 60, итоговый счет 0.3
2025-08-22 15:53:40.768 [INFO] Оценка параметров: покрыто 5/5 точек, лишних кругов 60, итоговый счет 0.3
2025-08-22 15:53:40.806 [INFO] Оценка параметров: покрыто 5/5 точек, лишних кругов 60, итоговый счет 0.3
2025-08-22 15:53:40.844 [INFO] Оценка параметров: покрыто 5/5 точек, лишних кругов 60, итоговый счет 0.3
2025-08-22 15:53:40.879 [INFO] Оценка параметров: покрыто 5/5 точек, лишних кругов 61, итоговый счет 0.3
2025-08-22 15:53:40.879 [INFO] Оптимизация завершена: 1 итераций, 265мс, финальный score=0.3
2025-08-22 15:55:14.207 [INFO] Оценка параметров: покрыто 6/6 точек, лишних кругов 60, итоговый счет 0.3
2025-08-22 15:55:14.207 [INFO] Автоподбор параметров для 6 клеток, начальный score=0.3
2025-08-22 15:55:14.239 [INFO] Оценка параметров: покрыто 6/6 точек, лишних кругов 57, итоговый счет 0.3
2025-08-22 15:55:14.278 [INFO] Оценка параметров: покрыто 6/6 точек, лишних кругов 57, итоговый счет 0.3
2025-08-22 15:55:14.314 [INFO] Оценка параметров: покрыто 6/6 точек, лишних кругов 57, итоговый счет 0.3
2025-08-22 15:55:14.354 [INFO] Оценка параметров: покрыто 6/6 точек, лишних кругов 57, итоговый счет 0.3
2025-08-22 15:55:14.394 [INFO] Оценка параметров: покрыто 6/6 точек, лишних кругов 57, итоговый счет 0.3
2025-08-22 15:55:14.434 [INFO] Оценка параметров: покрыто 6/6 точек, лишних кругов 58, итоговый счет 0.3
2025-08-22 15:55:14.471 [INFO] Оценка параметров: покрыто 6/6 точек, лишних кругов 56, итоговый счет 0.3
2025-08-22 15:55:14.511 [INFO] Оценка параметров: покрыто 6/6 точек, лишних кругов 57, итоговый счет 0.3
2025-08-22 15:55:14.511 [INFO] Оптимизация завершена: 1 итераций, 304мс, финальный score=0.3
2025-08-22 15:55:32.093 [INFO] Оценка параметров: покрыто 5/5 точек, лишних кругов 61, итоговый счет 0.3
2025-08-22 15:55:32.093 [INFO] Автоподбор параметров для 5 клеток, начальный score=0.3
2025-08-22 15:55:32.133 [INFO] Оценка параметров: покрыто 5/5 точек, лишних кругов 59, итоговый счет 0.3
2025-08-22 15:55:32.167 [INFO] Оценка параметров: покрыто 5/5 точек, лишних кругов 58, итоговый счет 0.3
2025-08-22 15:55:32.209 [INFO] Оценка параметров: покрыто 5/5 точек, лишних кругов 58, итоговый счет 0.3
2025-08-22 15:55:32.248 [INFO] Оценка параметров: покрыто 5/5 точек, лишних кругов 58, итоговый счет 0.3
2025-08-22 15:55:32.289 [INFO] Оценка параметров: покрыто 5/5 точек, лишних кругов 58, итоговый счет 0.3
2025-08-22 15:55:32.333 [INFO] Оценка параметров: покрыто 5/5 точек, лишних кругов 59, итоговый счет 0.3
2025-08-22 15:55:32.363 [INFO] Оценка параметров: покрыто 5/5 точек, лишних кругов 58, итоговый счет 0.3
2025-08-22 15:55:32.407 [INFO] Оценка параметров: покрыто 5/5 точек, лишних кругов 58, итоговый счет 0.3
2025-08-22 15:55:32.407 [INFO] Оптимизация завершена: 1 итераций, 314мс, финальный score=0.3
2025-08-22 15:55:47.286 [INFO] Оценка параметров: покрыто 3/3 точек, лишних кругов 63, итоговый счет 0.3
2025-08-22 15:55:47.286 [INFO] Автоподбор параметров для 3 клеток, начальный score=0.3
2025-08-22 15:55:47.319 [INFO] Оценка параметров: покрыто 3/3 точек, лишних кругов 62, итоговый счет 0.3
2025-08-22 15:55:47.356 [INFO] Оценка параметров: покрыто 3/3 точек, лишних кругов 62, итоговый счет 0.3
2025-08-22 15:55:47.391 [INFO] Оценка параметров: покрыто 3/3 точек, лишних кругов 62, итоговый счет 0.3
2025-08-22 15:55:47.420 [INFO] Оценка параметров: покрыто 3/3 точек, лишних кругов 62, итоговый счет 0.3
2025-08-22 15:55:47.455 [INFO] Оценка параметров: покрыто 3/3 точек, лишних кругов 62, итоговый счет 0.3
2025-08-22 15:55:47.485 [INFO] Оценка параметров: покрыто 3/3 точек, лишних кругов 62, итоговый счет 0.3
2025-08-22 15:55:47.516 [INFO] Оценка параметров: покрыто 3/3 точек, лишних кругов 62, итоговый счет 0.3
2025-08-22 15:55:47.551 [INFO] Оценка параметров: покрыто 3/3 точек, лишних кругов 62, итоговый счет 0.3
2025-08-22 15:55:47.551 [INFO] Оптимизация завершена: 1 итераций, 265мс, финальный score=0.3
2025-08-22 15:56:05.060 [INFO] Оценка параметров: покрыто 8/8 точек, лишних кругов 58, итоговый счет 0.3
2025-08-22 15:56:05.060 [INFO] Автоподбор параметров для 8 клеток, начальный score=0.3
2025-08-22 15:56:05.376 [INFO] Оптимизация завершена: 1 итераций, 315мс, финальный score=0.3
2025-08-22 15:56:48.302 [INFO] ==================================================
2025-08-22 15:56:48.303 [INFO] CellAnalyzer application started
2025-08-22 15:56:48.303 [INFO] ==================================================
2025-08-22 15:57:04.320 [INFO] Оценка параметров: покрыто 6/6 точек, лишних кругов 59, итоговый счет 0.3
2025-08-22 15:57:04.320 [INFO] Автоподбор параметров для 6 клеток, начальный score=0.3
2025-08-22 15:57:04.350 [INFO] Оценка параметров: покрыто 6/6 точек, лишних кругов 58, итоговый счет 0.3
2025-08-22 15:57:04.390 [INFO] Оценка параметров: покрыто 6/6 точек, лишних кругов 58, итоговый счет 0.3
2025-08-22 15:57:04.428 [INFO] Оценка параметров: покрыто 6/6 точек, лишних кругов 58, итоговый счет 0.3
2025-08-22 15:57:04.465 [INFO] Оценка параметров: покрыто 6/6 точек, лишних кругов 58, итоговый счет 0.3
2025-08-22 15:57:04.494 [INFO] Оценка параметров: покрыто 6/6 точек, лишних кругов 58, итоговый счет 0.3
2025-08-22 15:57:04.535 [INFO] Оценка параметров: покрыто 6/6 точек, лишних кругов 59, итоговый счет 0.3
2025-08-22 15:57:04.574 [INFO] Оценка параметров: покрыто 6/6 точек, лишних кругов 58, итоговый счет 0.3
2025-08-22 15:57:04.607 [INFO] Оценка параметров: покрыто 6/6 точек, лишних кругов 58, итоговый счет 0.3
2025-08-22 15:57:04.607 [INFO] Оптимизация завершена: 1 итераций, 287мс, финальный score=0.3
2025-08-22 15:57:29.458 [INFO] Оценка параметров: покрыто 19/19 точек, лишних кругов 47, итоговый счет 0.3
2025-08-22 15:57:29.458 [INFO] Автоподбор параметров для 19 клеток, начальный score=0.3
2025-08-22 15:57:29.762 [INFO] Оптимизация завершена: 1 итераций, 303мс, финальный score=0.3
2025-08-22 16:03:48.935 [INFO] ==================================================
2025-08-22 16:03:48.935 [INFO] CellAnalyzer application started
2025-08-22 16:03:48.935 [INFO] ==================================================
2025-08-22 16:04:12.660 [INFO] СТРОГИЙ автоподбор параметров для 12 клеток
2025-08-22 16:04:12.660 [INFO] Минимальное расстояние между точками: 85.4459
2025-08-22 16:04:12.660 [INFO] Применяем стратегию: Агрессивное обнаружение
2025-08-22 16:04:12.760 [INFO] Оценка параметров: покрыто 12/12 точек, лишних кругов 198, итоговый счет 0.3
2025-08-22 16:04:12.760 [INFO] Улучшение: score=0.3 (minR=15, maxR=45, param1=50, param2=15)
2025-08-22 16:04:12.807 [INFO] Оценка параметров: покрыто 12/12 точек, лишних кругов 93, итоговый счет 0.3
2025-08-22 16:04:12.857 [INFO] Оценка параметров: покрыто 12/12 точек, лишних кругов 67, итоговый счет 0.3
2025-08-22 16:04:12.895 [INFO] Оценка параметров: покрыто 12/12 точек, лишних кругов 60, итоговый счет 0.3
2025-08-22 16:04:12.922 [INFO] Оценка параметров: покрыто 12/12 точек, лишних кругов 58, итоговый счет 0.3
2025-08-22 16:04:13.058 [INFO] Оценка параметров: покрыто 12/12 точек, лишних кругов 225, итоговый счет 0.3
2025-08-22 16:04:13.138 [INFO] Оценка параметров: покрыто 12/12 точек, лишних кругов 122, итоговый счет 0.3
2025-08-22 16:04:13.195 [INFO] Оценка параметров: покрыто 12/12 точек, лишних кругов 77, итоговый счет 0.3
2025-08-22 16:04:13.261 [INFO] Оценка параметров: покрыто 12/12 точек, лишних кругов 60, итоговый счет 0.3
2025-08-22 16:04:13.321 [INFO] Оценка параметров: покрыто 12/12 точек, лишних кругов 59, итоговый счет 0.3
2025-08-22 16:04:13.623 [INFO] Оценка параметров: покрыто 12/12 точек, лишних кругов 246, итоговый счет 0.3
2025-08-22 16:04:13.745 [INFO] Оценка параметров: покрыто 12/12 точек, лишних кругов 158, итоговый счет 0.3
2025-08-22 16:04:13.831 [INFO] Оценка параметров: покрыто 12/12 точек, лишних кругов 87, итоговый счет 0.3
2025-08-22 16:04:13.935 [INFO] Оценка параметров: покрыто 12/12 точек, лишних кругов 64, итоговый счет 0.3
2025-08-22 16:04:13.999 [INFO] Оценка параметров: покрыто 12/12 точек, лишних кругов 61, итоговый счет 0.3
2025-08-22 16:04:14.520 [INFO] Оценка параметров: покрыто 12/12 точек, лишних кругов 288, итоговый счет 0.3
2025-08-22 16:04:14.743 [INFO] Оценка параметров: покрыто 12/12 точек, лишних кругов 182, итоговый счет 0.3
2025-08-22 16:04:14.876 [INFO] Оценка параметров: покрыто 12/12 точек, лишних кругов 111, итоговый счет 0.3
2025-08-22 16:04:14.978 [INFO] Оценка параметров: покрыто 12/12 точек, лишних кругов 69, итоговый счет 0.3
2025-08-22 16:04:15.050 [INFO] Оценка параметров: покрыто 12/12 точек, лишних кругов 61, итоговый счет 0.3
2025-08-22 16:04:15.953 [INFO] Оценка параметров: покрыто 12/12 точек, лишних кругов 327, итоговый счет 0.3
2025-08-22 16:04:16.324 [INFO] Оценка параметров: покрыто 12/12 точек, лишних кругов 243, итоговый счет 0.3
2025-08-22 16:04:16.535 [INFO] Оценка параметров: покрыто 12/12 точек, лишних кругов 142, итоговый счет 0.3
2025-08-22 16:04:16.670 [INFO] Оценка параметров: покрыто 12/12 точек, лишних кругов 79, итоговый счет 0.3
2025-08-22 16:04:16.838 [INFO] Оценка параметров: покрыто 12/12 точек, лишних кругов 62, итоговый счет 0.3
2025-08-22 16:04:18.309 [INFO] Оценка параметров: покрыто 12/12 точек, лишних кругов 356, итоговый счет 0.3
2025-08-22 16:04:18.998 [INFO] Оценка параметров: покрыто 12/12 точек, лишних кругов 290, итоговый счет 0.3
2025-08-22 16:04:19.387 [INFO] Оценка параметров: покрыто 12/12 точек, лишних кругов 181, итоговый счет 0.3
2025-08-22 16:04:19.639 [INFO] Оценка параметров: покрыто 12/12 точек, лишних кругов 102, итоговый счет 0.3
2025-08-22 16:04:19.784 [INFO] Оценка параметров: покрыто 12/12 точек, лишних кругов 65, итоговый счет 0.3
2025-08-22 16:04:19.856 [INFO] Оценка параметров: покрыто 12/12 точек, лишних кругов 184, итоговый счет 0.3
2025-08-22 16:04:19.932 [INFO] Оценка параметров: покрыто 12/12 точек, лишних кругов 95, итоговый счет 0.3
2025-08-22 16:04:19.986 [INFO] Оценка параметров: покрыто 12/12 точек, лишних кругов 66, итоговый счет 0.3
2025-08-22 16:04:20.032 [INFO] Оценка параметров: покрыто 12/12 точек, лишних кругов 58, итоговый счет 0.3
2025-08-22 16:04:20.067 [INFO] Оценка параметров: покрыто 12/12 точек, лишних кругов 57, итоговый счет 0.3
2025-08-22 16:04:20.197 [INFO] Оценка параметров: покрыто 12/12 точек, лишних кругов 212, итоговый счет 0.3
2025-08-22 16:04:20.277 [INFO] Оценка параметров: покрыто 12/12 точек, лишних кругов 121, итоговый счет 0.3
2025-08-22 16:04:20.374 [INFO] Оценка параметров: покрыто 12/12 точек, лишних кругов 74, итоговый счет 0.3
2025-08-22 16:04:20.445 [INFO] Оценка параметров: покрыто 12/12 точек, лишних кругов 60, итоговый счет 0.3
2025-08-22 16:04:20.489 [INFO] Оценка параметров: покрыто 12/12 точек, лишних кругов 57, итоговый счет 0.3
2025-08-22 16:04:20.749 [INFO] Оценка параметров: покрыто 12/12 точек, лишних кругов 245, итоговый счет 0.3
2025-08-22 16:04:20.893 [INFO] Оценка параметров: покрыто 12/12 точек, лишних кругов 153, итоговый счет 0.3
2025-08-22 16:04:21.029 [INFO] Оценка параметров: покрыто 12/12 точек, лишних кругов 85, итоговый счет 0.3
2025-08-22 16:04:21.099 [INFO] Оценка параметров: покрыто 12/12 точек, лишних кругов 65, итоговый счет 0.3
2025-08-22 16:04:21.163 [INFO] Оценка параметров: покрыто 12/12 точек, лишних кругов 58, итоговый счет 0.3
2025-08-22 16:04:21.717 [INFO] Оценка параметров: покрыто 12/12 точек, лишних кругов 296, итоговый счет 0.3
2025-08-22 16:04:22.025 [INFO] Оценка параметров: покрыто 12/12 точек, лишних кругов 201, итоговый счет 0.3
2025-08-22 16:04:22.175 [INFO] Оценка параметров: покрыто 12/12 точек, лишних кругов 109, итоговый счет 0.3
2025-08-22 16:04:22.345 [INFO] Оценка параметров: покрыто 12/12 точек, лишних кругов 65, итоговый счет 0.3
2025-08-22 16:04:22.467 [INFO] Оценка параметров: покрыто 12/12 точек, лишних кругов 60, итоговый счет 0.3
2025-08-22 16:04:23.575 [INFO] Оценка параметров: покрыто 12/12 точек, лишних кругов 332, итоговый счет 0.3
2025-08-22 16:04:24.100 [INFO] Оценка параметров: покрыто 12/12 точек, лишних кругов 241, итоговый счет 0.3
2025-08-22 16:04:24.356 [INFO] Оценка параметров: покрыто 12/12 точек, лишних кругов 143, итоговый счет 0.3
2025-08-22 16:04:24.538 [INFO] Оценка параметров: покрыто 12/12 точек, лишних кругов 79, итоговый счет 0.3
2025-08-22 16:04:24.741 [INFO] Оценка параметров: покрыто 12/12 точек, лишних кругов 61, итоговый счет 0.3
2025-08-22 16:04:26.988 [INFO] Оценка параметров: покрыто 12/12 точек, лишних кругов 347, итоговый счет 0.3
2025-08-22 16:04:27.837 [INFO] Оценка параметров: покрыто 12/12 точек, лишних кругов 291, итоговый счет 0.3
2025-08-22 16:04:28.219 [INFO] Оценка параметров: покрыто 12/12 точек, лишних кругов 206, итоговый счет 0.3
2025-08-22 16:04:28.451 [INFO] Оценка параметров: покрыто 12/12 точек, лишних кругов 110, итоговый счет 0.3
2025-08-22 16:04:28.608 [INFO] Оценка параметров: покрыто 12/12 точек, лишних кругов 69, итоговый счет 0.3
2025-08-22 16:04:28.684 [INFO] Оценка параметров: покрыто 12/12 точек, лишних кругов 164, итоговый счет 0.3
2025-08-22 16:04:28.754 [INFO] Оценка параметров: покрыто 12/12 точек, лишних кругов 77, итоговый счет 0.3
2025-08-22 16:04:28.807 [INFO] Оценка параметров: покрыто 12/12 точек, лишних кругов 57, итоговый счет 0.3
2025-08-22 16:04:28.853 [INFO] Оценка параметров: покрыто 12/12 точек, лишних кругов 55, итоговый счет 0.3
2025-08-22 16:04:28.897 [INFO] Оценка параметров: покрыто 12/12 точек, лишних кругов 55, итоговый счет 0.3
2025-08-22 16:04:29.078 [INFO] Оценка параметров: покрыто 12/12 точек, лишних кругов 203, итоговый счет 0.3
2025-08-22 16:04:29.179 [INFO] Оценка параметров: покрыто 12/12 точек, лишних кругов 111, итоговый счет 0.3
2025-08-22 16:04:29.271 [INFO] Оценка параметров: покрыто 12/12 точек, лишних кругов 61, итоговый счет 0.3
2025-08-22 16:04:29.323 [INFO] Оценка параметров: покрыто 12/12 точек, лишних кругов 56, итоговый счет 0.3
2025-08-22 16:04:29.386 [INFO] Оценка параметров: покрыто 12/12 точек, лишних кругов 56, итоговый счет 0.3
2025-08-22 16:04:29.730 [INFO] Оценка параметров: покрыто 12/12 точек, лишних кругов 232, итоговый счет 0.3
2025-08-22 16:04:29.903 [INFO] Оценка параметров: покрыто 12/12 точек, лишних кругов 146, итоговый счет 0.3
2025-08-22 16:04:30.008 [INFO] Оценка параметров: покрыто 12/12 точек, лишних кругов 73, итоговый счет 0.3
2025-08-22 16:04:30.091 [INFO] Оценка параметров: покрыто 12/12 точек, лишних кругов 58, итоговый счет 0.3
2025-08-22 16:04:30.164 [INFO] Оценка параметров: покрыто 12/12 точек, лишних кругов 56, итоговый счет 0.3
2025-08-22 16:04:30.855 [INFO] Оценка параметров: покрыто 12/12 точек, лишних кругов 283, итоговый счет 0.3
2025-08-22 16:04:31.162 [INFO] Оценка параметров: покрыто 12/12 точек, лишних кругов 188, итоговый счет 0.3
2025-08-22 16:04:31.334 [INFO] Оценка параметров: покрыто 12/12 точек, лишних кругов 109, итоговый счет 0.3
2025-08-22 16:04:31.459 [INFO] Оценка параметров: покрыто 12/12 точек, лишних кругов 61, итоговый счет 0.3
2025-08-22 16:04:31.578 [INFO] Оценка параметров: покрыто 12/12 точек, лишних кругов 57, итоговый счет 0.3
2025-08-22 16:04:32.806 [INFO] Оценка параметров: покрыто 12/12 точек, лишних кругов 331, итоговый счет 0.3
2025-08-22 16:04:33.337 [INFO] Оценка параметров: покрыто 12/12 точек, лишних кругов 235, итоговый счет 0.3
2025-08-22 16:04:33.566 [INFO] Оценка параметров: покрыто 12/12 точек, лишних кругов 138, итоговый счет 0.3
2025-08-22 16:04:33.721 [INFO] Оценка параметров: покрыто 12/12 точек, лишних кругов 81, итоговый счет 0.3
2025-08-22 16:04:33.844 [INFO] Оценка параметров: покрыто 12/12 точек, лишних кругов 58, итоговый счет 0.3
2025-08-22 16:04:35.854 [INFO] Оценка параметров: покрыто 12/12 точек, лишних кругов 361, итоговый счет 0.3
2025-08-22 16:04:36.748 [INFO] Оценка параметров: покрыто 12/12 точек, лишних кругов 292, итоговый счет 0.3
2025-08-22 16:04:37.132 [INFO] Оценка параметров: покрыто 12/12 точек, лишних кругов 198, итоговый счет 0.3
2025-08-22 16:04:37.366 [INFO] Оценка параметров: покрыто 12/12 точек, лишних кругов 110, итоговый счет 0.3
2025-08-22 16:04:37.528 [INFO] Оценка параметров: покрыто 12/12 точек, лишних кругов 68, итоговый счет 0.3
2025-08-22 16:04:37.636 [INFO] Оценка параметров: покрыто 12/12 точек, лишних кругов 155, итоговый счет 0.3
2025-08-22 16:04:37.713 [INFO] Оценка параметров: покрыто 12/12 точек, лишних кругов 77, итоговый счет 0.3
2025-08-22 16:04:37.760 [INFO] Оценка параметров: покрыто 12/12 точек, лишних кругов 57, итоговый счет 0.3
2025-08-22 16:04:37.800 [INFO] Оценка параметров: покрыто 12/12 точек, лишних кругов 55, итоговый счет 0.3
2025-08-22 16:04:37.843 [INFO] Оценка параметров: покрыто 12/12 точек, лишних кругов 55, итоговый счет 0.3
2025-08-22 16:04:38.027 [INFO] Оценка параметров: покрыто 12/12 точек, лишних кругов 197, итоговый счет 0.3
2025-08-22 16:04:38.140 [INFO] Оценка параметров: покрыто 12/12 точек, лишних кругов 110, итоговый счет 0.3
2025-08-22 16:04:38.235 [INFO] Оценка параметров: покрыто 12/12 точек, лишних кругов 61, итоговый счет 0.3
2025-08-22 16:04:38.307 [INFO] Оценка параметров: покрыто 12/12 точек, лишних кругов 56, итоговый счет 0.3
2025-08-22 16:04:38.371 [INFO] Оценка параметров: покрыто 12/12 точек, лишних кругов 55, итоговый счет 0.3
2025-08-22 16:04:38.763 [INFO] Оценка параметров: покрыто 12/12 точек, лишних кругов 246, итоговый счет 0.3
2025-08-22 16:04:38.934 [INFO] Оценка параметров: покрыто 12/12 точек, лишних кругов 141, итоговый счет 0.3
2025-08-22 16:04:39.037 [INFO] Оценка параметров: покрыто 12/12 точек, лишних кругов 74, итоговый счет 0.3
2025-08-22 16:04:39.135 [INFO] Оценка параметров: покрыто 12/12 точек, лишних кругов 58, итоговый счет 0.3
2025-08-22 16:04:39.219 [INFO] Оценка параметров: покрыто 12/12 точек, лишних кругов 55, итоговый счет 0.3
2025-08-22 16:04:40.004 [INFO] Оценка параметров: покрыто 12/12 точек, лишних кругов 300, итоговый счет 0.3
2025-08-22 16:04:40.322 [INFO] Оценка параметров: покрыто 12/12 точек, лишних кругов 184, итоговый счет 0.3
2025-08-22 16:04:40.508 [INFO] Оценка параметров: покрыто 12/12 точек, лишних кругов 102, итоговый счет 0.3
2025-08-22 16:04:40.631 [INFO] Оценка параметров: покрыто 12/12 точек, лишних кругов 65, итоговый счет 0.3
2025-08-22 16:04:40.727 [INFO] Оценка параметров: покрыто 12/12 точек, лишних кругов 56, итоговый счет 0.3
2025-08-22 16:04:42.237 [INFO] Оценка параметров: покрыто 12/12 точек, лишних кругов 326, итоговый счет 0.3
2025-08-22 16:04:42.757 [INFO] Оценка параметров: покрыто 12/12 точек, лишних кругов 249, итоговый счет 0.3
2025-08-22 16:04:43.020 [INFO] Оценка параметров: покрыто 12/12 точек, лишних кругов 148, итоговый счет 0.3
2025-08-22 16:04:43.157 [INFO] Оценка параметров: покрыто 12/12 точек, лишних кругов 84, итоговый счет 0.3
2025-08-22 16:04:43.271 [INFO] Оценка параметров: покрыто 12/12 точек, лишних кругов 58, итоговый счет 0.3
2025-08-22 16:04:45.476 [INFO] Оценка параметров: покрыто 12/12 точек, лишних кругов 350, итоговый счет 0.3
2025-08-22 16:04:46.411 [INFO] Оценка параметров: покрыто 12/12 точек, лишних кругов 304, итоговый счет 0.3
2025-08-22 16:04:46.813 [INFO] Оценка параметров: покрыто 12/12 точек, лишних кругов 204, итоговый счет 0.3
2025-08-22 16:04:47.061 [INFO] Оценка параметров: покрыто 12/12 точек, лишних кругов 113, итоговый счет 0.3
2025-08-22 16:04:47.208 [INFO] Оценка параметров: покрыто 12/12 точек, лишних кругов 69, итоговый счет 0.3
2025-08-22 16:04:47.324 [INFO] Оценка параметров: покрыто 12/12 точек, лишних кругов 157, итоговый счет 0.3
2025-08-22 16:04:47.379 [INFO] Оценка параметров: покрыто 12/12 точек, лишних кругов 71, итоговый счет 0.3
2025-08-22 16:04:47.421 [INFO] Оценка параметров: покрыто 12/12 точек, лишних кругов 57, итоговый счет 0.3
2025-08-22 16:04:47.476 [INFO] Оценка параметров: покрыто 12/12 точек, лишних кругов 55, итоговый счет 0.3
2025-08-22 16:04:47.524 [INFO] Оценка параметров: покрыто 12/12 точек, лишних кругов 55, итоговый счет 0.3
2025-08-22 16:04:47.726 [INFO] Оценка параметров: покрыто 12/12 точек, лишних кругов 201, итоговый счет 0.3
2025-08-22 16:04:47.847 [INFO] Оценка параметров: покрыто 12/12 точек, лишних кругов 107, итоговый счет 0.3
2025-08-22 16:04:47.942 [INFO] Оценка параметров: покрыто 12/12 точек, лишних кругов 64, итоговый счет 0.3
2025-08-22 16:04:48.017 [INFO] Оценка параметров: покрыто 12/12 точек, лишних кругов 55, итоговый счет 0.3
2025-08-22 16:04:48.077 [INFO] Оценка параметров: покрыто 12/12 точек, лишних кругов 55, итоговый счет 0.3
2025-08-22 16:04:48.524 [INFO] Оценка параметров: покрыто 12/12 точек, лишних кругов 235, итоговый счет 0.3
2025-08-22 16:04:48.721 [INFO] Оценка параметров: покрыто 12/12 точек, лишних кругов 133, итоговый счет 0.3
2025-08-22 16:04:48.839 [INFO] Оценка параметров: покрыто 12/12 точек, лишних кругов 75, итоговый счет 0.3
2025-08-22 16:04:48.912 [INFO] Оценка параметров: покрыто 12/12 точек, лишних кругов 57, итоговый счет 0.3
2025-08-22 16:04:48.986 [INFO] Оценка параметров: покрыто 12/12 точек, лишних кругов 55, итоговый счет 0.3
2025-08-22 16:04:49.900 [INFO] Оценка параметров: покрыто 12/12 точек, лишних кругов 303, итоговый счет 0.3
2025-08-22 16:04:50.231 [INFO] Оценка параметров: покрыто 12/12 точек, лишних кругов 196, итоговый счет 0.3
2025-08-22 16:04:50.394 [INFO] Оценка параметров: покрыто 12/12 точек, лишних кругов 103, итоговый счет 0.3
2025-08-22 16:04:50.533 [INFO] Оценка параметров: покрыто 12/12 точек, лишних кругов 64, итоговый счет 0.3
2025-08-22 16:04:50.631 [INFO] Оценка параметров: покрыто 12/12 точек, лишних кругов 56, итоговый счет 0.3
2025-08-22 16:04:52.098 [INFO] Оценка параметров: покрыто 12/12 точек, лишних кругов 341, итоговый счет 0.3
2025-08-22 16:04:52.690 [INFO] Оценка параметров: покрыто 12/12 точек, лишних кругов 263, итоговый счет 0.3
2025-08-22 16:04:52.962 [INFO] Оценка параметров: покрыто 12/12 точек, лишних кругов 160, итоговый счет 0.3
2025-08-22 16:04:53.106 [INFO] Оценка параметров: покрыто 12/12 точек, лишних кругов 82, итоговый счет 0.3
2025-08-22 16:04:53.218 [INFO] Оценка параметров: покрыто 12/12 точек, лишних кругов 60, итоговый счет 0.3
2025-08-22 16:04:55.597 [INFO] Оценка параметров: покрыто 12/12 точек, лишних кругов 357, итоговый счет 0.3
2025-08-22 16:04:56.676 [INFO] Оценка параметров: покрыто 12/12 точек, лишних кругов 303, итоговый счет 0.3
2025-08-22 16:04:57.109 [INFO] Оценка параметров: покрыто 12/12 точек, лишних кругов 212, итоговый счет 0.3
2025-08-22 16:04:57.313 [INFO] Оценка параметров: покрыто 12/12 точек, лишних кругов 119, итоговый счет 0.3
2025-08-22 16:04:57.452 [INFO] Оценка параметров: покрыто 12/12 точек, лишних кругов 71, итоговый счет 0.3
2025-08-22 16:04:57.452 [INFO] Применяем стратегию: Варьирование порогов
2025-08-22 16:04:58.017 [INFO] Оценка параметров: покрыто 12/12 точек, лишних кругов 691, итоговый счет 0.3
2025-08-22 16:04:58.206 [INFO] Оценка параметров: покрыто 12/12 точек, лишних кругов 429, итоговый счет 0.3
2025-08-22 16:04:58.295 [INFO] Оценка параметров: покрыто 12/12 точек, лишних кругов 188, итоговый счет 0.3
2025-08-22 16:04:58.387 [INFO] Оценка параметров: покрыто 12/12 точек, лишних кругов 74, итоговый счет 0.3
2025-08-22 16:04:58.441 [INFO] Оценка параметров: покрыто 12/12 точек, лишних кругов 56, итоговый счет 0.3
2025-08-22 16:04:58.486 [INFO] Оценка параметров: покрыто 12/12 точек, лишних кругов 55, итоговый счет 0.3
2025-08-22 16:04:58.542 [INFO] Оценка параметров: покрыто 12/12 точек, лишних кругов 55, итоговый счет 0.3
2025-08-22 16:04:58.585 [INFO] Оценка параметров: покрыто 12/12 точек, лишних кругов 55, итоговый счет 0.3
2025-08-22 16:04:58.622 [INFO] Оценка параметров: покрыто 12/12 точек, лишних кругов 54, итоговый счет 0.3
2025-08-22 16:04:58.902 [INFO] Оценка параметров: покрыто 12/12 точек, лишних кругов 587, итоговый счет 0.3
2025-08-22 16:04:59.019 [INFO] Оценка параметров: покрыто 12/12 точек, лишних кругов 278, итоговый счет 0.3
2025-08-22 16:04:59.093 [INFO] Оценка параметров: покрыто 12/12 точек, лишних кругов 95, итоговый счет 0.3
2025-08-22 16:04:59.162 [INFO] Оценка параметров: покрыто 12/12 точек, лишних кругов 59, итоговый счет 0.3
2025-08-22 16:04:59.220 [INFO] Оценка параметров: покрыто 12/12 точек, лишних кругов 55, итоговый счет 0.3
2025-08-22 16:04:59.268 [INFO] Оценка параметров: покрыто 12/12 точек, лишних кругов 55, итоговый счет 0.3
2025-08-22 16:04:59.309 [INFO] Оценка параметров: покрыто 12/12 точек, лишних кругов 55, итоговый счет 0.3
2025-08-22 16:04:59.337 [INFO] Оценка параметров: покрыто 12/12 точек, лишних кругов 55, итоговый счет 0.3
2025-08-22 16:04:59.371 [INFO] Оценка параметров: покрыто 12/12 точек, лишних кругов 54, итоговый счет 0.3
2025-08-22 16:04:59.534 [INFO] Оценка параметров: покрыто 12/12 точек, лишних кругов 418, итоговый счет 0.3
2025-08-22 16:04:59.627 [INFO] Оценка параметров: покрыто 12/12 точек, лишних кругов 150, итоговый счет 0.3
2025-08-22 16:04:59.681 [INFO] Оценка параметров: покрыто 12/12 точек, лишних кругов 63, итоговый счет 0.3
2025-08-22 16:04:59.728 [INFO] Оценка параметров: покрыто 12/12 точек, лишних кругов 56, итоговый счет 0.3
2025-08-22 16:04:59.768 [INFO] Оценка параметров: покрыто 12/12 точек, лишних кругов 55, итоговый счет 0.3
2025-08-22 16:04:59.801 [INFO] Оценка параметров: покрыто 12/12 точек, лишних кругов 55, итоговый счет 0.3
2025-08-22 16:04:59.830 [INFO] Оценка параметров: покрыто 12/12 точек, лишних кругов 55, итоговый счет 0.3
2025-08-22 16:04:59.861 [INFO] Оценка параметров: покрыто 12/12 точек, лишних кругов 54, итоговый счет 0.3
2025-08-22 16:04:59.888 [INFO] Оценка параметров: покрыто 12/12 точек, лишних кругов 54, итоговый счет 0.3
2025-08-22 16:04:59.988 [INFO] Оценка параметров: покрыто 12/12 точек, лишних кругов 272, итоговый счет 0.3
2025-08-22 16:05:00.065 [INFO] Оценка параметров: покрыто 12/12 точек, лишних кругов 89, итоговый счет 0.3
2025-08-22 16:05:00.117 [INFO] Оценка параметров: покрыто 12/12 точек, лишних кругов 58, итоговый счет 0.3
2025-08-22 16:05:00.162 [INFO] Оценка параметров: покрыто 12/12 точек, лишних кругов 55, итоговый счет 0.3
2025-08-22 16:05:00.191 [INFO] Оценка параметров: покрыто 12/12 точек, лишних кругов 55, итоговый счет 0.3
2025-08-22 16:05:00.224 [INFO] Оценка параметров: покрыто 12/12 точек, лишних кругов 55, итоговый счет 0.3
2025-08-22 16:05:00.257 [INFO] Оценка параметров: покрыто 12/12 точек, лишних кругов 55, итоговый счет 0.3
2025-08-22 16:05:00.288 [INFO] Оценка параметров: покрыто 12/12 точек, лишних кругов 54, итоговый счет 0.3
2025-08-22 16:05:00.313 [INFO] Оценка параметров: покрыто 12/12 точек, лишних кругов 54, итоговый счет 0.3
2025-08-22 16:05:00.388 [INFO] Оценка параметров: покрыто 12/12 точек, лишних кругов 182, итоговый счет 0.3
2025-08-22 16:05:00.456 [INFO] Оценка параметров: покрыто 12/12 точек, лишних кругов 70, итоговый счет 0.3
2025-08-22 16:05:00.505 [INFO] Оценка параметров: покрыто 12/12 точек, лишних кругов 59, итоговый счет 0.3
2025-08-22 16:05:00.542 [INFO] Оценка параметров: покрыто 12/12 точек, лишних кругов 55, итоговый счет 0.3
2025-08-22 16:05:00.567 [INFO] Оценка параметров: покрыто 12/12 точек, лишних кругов 55, итоговый счет 0.3
2025-08-22 16:05:00.593 [INFO] Оценка параметров: покрыто 12/12 точек, лишних кругов 54, итоговый счет 0.3
2025-08-22 16:05:00.618 [INFO] Оценка параметров: покрыто 12/12 точек, лишних кругов 52, итоговый счет 0.3
2025-08-22 16:05:00.640 [INFO] Оценка параметров: покрыто 12/12 точек, лишних кругов 52, итоговый счет 0.3
2025-08-22 16:05:00.737 [INFO] Оценка параметров: покрыто 12/12 точек, лишних кругов 143, итоговый счет 0.3
2025-08-22 16:05:00.783 [INFO] Оценка параметров: покрыто 12/12 точек, лишних кругов 65, итоговый счет 0.3
2025-08-22 16:05:00.817 [INFO] Оценка параметров: покрыто 12/12 точек, лишних кругов 57, итоговый счет 0.3
2025-08-22 16:05:00.845 [INFO] Оценка параметров: покрыто 12/12 точек, лишних кругов 53, итоговый счет 0.3
2025-08-22 16:05:00.870 [INFO] Оценка параметров: покрыто 12/12 точек, лишних кругов 53, итоговый счет 0.3
2025-08-22 16:05:00.900 [INFO] Оценка параметров: покрыто 12/12 точек, лишних кругов 53, итоговый счет 0.3
2025-08-22 16:05:00.922 [INFO] Оценка параметров: покрыто 12/12 точек, лишних кругов 52, итоговый счет 0.3
2025-08-22 16:05:00.943 [INFO] Оценка параметров: покрыто 12/12 точек, лишних кругов 52, итоговый счет 0.3
2025-08-22 16:05:01.027 [INFO] Оценка параметров: покрыто 12/12 точек, лишних кругов 115, итоговый счет 0.3
2025-08-22 16:05:01.058 [INFO] Оценка параметров: покрыто 12/12 точек, лишних кругов 63, итоговый счет 0.3
2025-08-22 16:05:01.090 [INFO] Оценка параметров: покрыто 12/12 точек, лишних кругов 55, итоговый счет 0.3
2025-08-22 16:05:01.116 [INFO] Оценка параметров: покрыто 12/12 точек, лишних кругов 52, итоговый счет 0.3
2025-08-22 16:05:01.140 [INFO] Оценка параметров: покрыто 12/12 точек, лишних кругов 52, итоговый счет 0.3
2025-08-22 16:05:01.213 [INFO] Применяем стратегию: Мелкие круги
2025-08-22 16:05:01.365 [INFO] Оценка параметров: покрыто 12/12 точек, лишних кругов 1038, итоговый счет 0.3
2025-08-22 16:05:01.457 [INFO] Оценка параметров: покрыто 12/12 точек, лишних кругов 743, итоговый счет 0.3
2025-08-22 16:05:01.508 [INFO] Оценка параметров: покрыто 12/12 точек, лишних кругов 456, итоговый счет 0.3
2025-08-22 16:05:01.542 [INFO] Оценка параметров: покрыто 12/12 точек, лишних кругов 267, итоговый счет 0.3
2025-08-22 16:05:01.572 [INFO] Оценка параметров: покрыто 12/12 точек, лишних кругов 167, итоговый счет 0.3
2025-08-22 16:05:01.596 [INFO] Оценка параметров: покрыто 12/12 точек, лишних кругов 111, итоговый счет 0.3
2025-08-22 16:05:02.023 [INFO] Оценка параметров: покрыто 12/12 точек, лишних кругов 1258, итоговый счет 0.3
2025-08-22 16:05:02.249 [INFO] Оценка параметров: покрыто 12/12 точек, лишних кругов 994, итоговый счет 0.3
2025-08-22 16:05:02.364 [INFO] Оценка параметров: покрыто 12/12 точек, лишних кругов 706, итоговый счет 0.3
2025-08-22 16:05:02.448 [INFO] Оценка параметров: покрыто 12/12 точек, лишних кругов 422, итоговый счет 0.3
2025-08-22 16:05:02.508 [INFO] Оценка параметров: покрыто 12/12 точек, лишних кругов 252, итоговый счет 0.3
2025-08-22 16:05:02.553 [INFO] Оценка параметров: покрыто 12/12 точек, лишних кругов 156, итоговый счет 0.3
2025-08-22 16:05:03.358 [INFO] Оценка параметров: покрыто 12/12 точек, лишних кругов 1417, итоговый счет 0.3
2025-08-22 16:05:03.811 [INFO] Оценка параметров: покрыто 12/12 точек, лишних кругов 1210, итоговый счет 0.3
2025-08-22 16:05:04.098 [INFO] Оценка параметров: покрыто 12/12 точек, лишних кругов 951, итоговый счет 0.3
2025-08-22 16:05:04.244 [INFO] Оценка параметров: покрыто 12/12 точек, лишних кругов 640, итоговый счет 0.3
2025-08-22 16:05:04.366 [INFO] Оценка параметров: покрыто 12/12 точек, лишних кругов 400, итоговый счет 0.3
2025-08-22 16:05:04.448 [INFO] Оценка параметров: покрыто 12/12 точек, лишних кругов 238, итоговый счет 0.3
2025-08-22 16:05:05.958 [INFO] Оценка параметров: покрыто 12/12 точек, лишних кругов 1453, итоговый счет 0.3
2025-08-22 16:05:06.879 [INFO] Оценка параметров: покрыто 12/12 точек, лишних кругов 1315, итоговый счет 0.3
2025-08-22 16:05:07.476 [INFO] Оценка параметров: покрыто 12/12 точек, лишних кругов 1134, итоговый счет 0.3
2025-08-22 16:05:07.813 [INFO] Оценка параметров: покрыто 12/12 точек, лишних кругов 889, итоговый счет 0.3
2025-08-22 16:05:08.028 [INFO] Оценка параметров: покрыто 12/12 точек, лишних кругов 593, итоговый счет 0.3
2025-08-22 16:05:08.167 [INFO] Оценка параметров: покрыто 12/12 точек, лишних кругов 350, итоговый счет 0.3
2025-08-22 16:05:08.321 [INFO] Оценка параметров: покрыто 12/12 точек, лишних кругов 1046, итоговый счет 0.3
2025-08-22 16:05:08.396 [INFO] Оценка параметров: покрыто 12/12 точек, лишних кругов 702, итоговый счет 0.3
2025-08-22 16:05:08.460 [INFO] Оценка параметров: покрыто 12/12 точек, лишних кругов 428, итоговый счет 0.3
2025-08-22 16:05:08.496 [INFO] Оценка параметров: покрыто 12/12 точек, лишних кругов 241, итоговый счет 0.3
2025-08-22 16:05:08.536 [INFO] Оценка параметров: покрыто 12/12 точек, лишних кругов 147, итоговый счет 0.3
2025-08-22 16:05:08.568 [INFO] Оценка параметров: покрыто 12/12 точек, лишних кругов 102, итоговый счет 0.3
2025-08-22 16:05:09.001 [INFO] Оценка параметров: покрыто 12/12 точек, лишних кругов 1260, итоговый счет 0.3
2025-08-22 16:05:09.266 [INFO] Оценка параметров: покрыто 12/12 точек, лишних кругов 972, итоговый счет 0.3
2025-08-22 16:05:09.414 [INFO] Оценка параметров: покрыто 12/12 точек, лишних кругов 681, итоговый счет 0.3
2025-08-22 16:05:09.493 [INFO] Оценка параметров: покрыто 12/12 точек, лишних кругов 418, итоговый счет 0.3
2025-08-22 16:05:09.555 [INFO] Оценка параметров: покрыто 12/12 точек, лишних кругов 244, итоговый счет 0.3
2025-08-22 16:05:09.623 [INFO] Оценка параметров: покрыто 12/12 точек, лишних кругов 141, итоговый счет 0.3
2025-08-22 16:05:10.494 [INFO] Оценка параметров: покрыто 12/12 точек, лишних кругов 1384, итоговый счет 0.3
2025-08-22 16:05:11.025 [INFO] Оценка параметров: покрыто 12/12 точек, лишних кругов 1217, итоговый счет 0.3
2025-08-22 16:05:11.282 [INFO] Оценка параметров: покрыто 12/12 точек, лишних кругов 938, итоговый счет 0.3
2025-08-22 16:05:11.433 [INFO] Оценка параметров: покрыто 12/12 точек, лишних кругов 633, итоговый счет 0.3
2025-08-22 16:05:11.548 [INFO] Оценка параметров: покрыто 12/12 точек, лишних кругов 378, итоговый счет 0.3
2025-08-22 16:05:11.634 [INFO] Оценка параметров: покрыто 12/12 точек, лишних кругов 218, итоговый счет 0.3
2025-08-22 16:05:13.054 [INFO] Оценка параметров: покрыто 12/12 точек, лишних кругов 1423, итоговый счет 0.3
2025-08-22 16:05:14.051 [INFO] Оценка параметров: покрыто 12/12 точек, лишних кругов 1319, итоговый счет 0.3
2025-08-22 16:05:14.618 [INFO] Оценка параметров: покрыто 12/12 точек, лишних кругов 1143, итоговый счет 0.3
2025-08-22 16:05:14.951 [INFO] Оценка параметров: покрыто 12/12 точек, лишних кругов 894, итоговый счет 0.3
2025-08-22 16:05:15.183 [INFO] Оценка параметров: покрыто 12/12 точек, лишних кругов 610, итоговый счет 0.3
2025-08-22 16:05:15.339 [INFO] Оценка параметров: покрыто 12/12 точек, лишних кругов 369, итоговый счет 0.3
2025-08-22 16:05:15.504 [INFO] Оценка параметров: покрыто 12/12 точек, лишних кругов 1028, итоговый счет 0.3
2025-08-22 16:05:15.592 [INFO] Оценка параметров: покрыто 12/12 точек, лишних кругов 672, итоговый счет 0.3
2025-08-22 16:05:15.653 [INFO] Оценка параметров: покрыто 12/12 точек, лишних кругов 392, итоговый счет 0.3
2025-08-22 16:05:15.692 [INFO] Оценка параметров: покрыто 12/12 точек, лишних кругов 223, итоговый счет 0.3
2025-08-22 16:05:15.738 [INFO] Оценка параметров: покрыто 12/12 точек, лишних кругов 135, итоговый счет 0.3
2025-08-22 16:05:15.772 [INFO] Оценка параметров: покрыто 12/12 точек, лишних кругов 90, итоговый счет 0.3
2025-08-22 16:05:16.211 [INFO] Оценка параметров: покрыто 12/12 точек, лишних кругов 1258, итоговый счет 0.3
2025-08-22 16:05:16.435 [INFO] Оценка параметров: покрыто 12/12 точек, лишних кругов 953, итоговый счет 0.3
2025-08-22 16:05:16.551 [INFO] Оценка параметров: покрыто 12/12 точек, лишних кругов 652, итоговый счет 0.3
2025-08-22 16:05:16.645 [INFO] Оценка параметров: покрыто 12/12 точек, лишних кругов 388, итоговый счет 0.3
2025-08-22 16:05:16.721 [INFO] Оценка параметров: покрыто 12/12 точек, лишних кругов 227, итоговый счет 0.3
2025-08-22 16:05:16.793 [INFO] Оценка параметров: покрыто 12/12 точек, лишних кругов 121, итоговый счет 0.3
2025-08-22 16:05:17.742 [INFO] Оценка параметров: покрыто 12/12 точек, лишних кругов 1381, итоговый счет 0.3
2025-08-22 16:05:18.312 [INFO] Оценка параметров: покрыто 12/12 точек, лишних кругов 1213, итоговый счет 0.3
2025-08-22 16:05:18.578 [INFO] Оценка параметров: покрыто 12/12 точек, лишних кругов 931, итоговый счет 0.3
2025-08-22 16:05:18.752 [INFO] Оценка параметров: покрыто 12/12 точек, лишних кругов 626, итоговый счет 0.3
2025-08-22 16:05:18.868 [INFO] Оценка параметров: покрыто 12/12 точек, лишних кругов 362, итоговый счет 0.3
2025-08-22 16:05:18.970 [INFO] Оценка параметров: покрыто 12/12 точек, лишних кругов 201, итоговый счет 0.3
2025-08-22 16:05:20.414 [INFO] Оценка параметров: покрыто 12/12 точек, лишних кругов 1444, итоговый счет 0.3
2025-08-22 16:05:21.423 [INFO] Оценка параметров: покрыто 12/12 точек, лишних кругов 1333, итоговый счет 0.3
2025-08-22 16:05:22.005 [INFO] Оценка параметров: покрыто 12/12 точек, лишних кругов 1143, итоговый счет 0.3
2025-08-22 16:05:22.361 [INFO] Оценка параметров: покрыто 12/12 точек, лишних кругов 871, итоговый счет 0.3
2025-08-22 16:05:22.561 [INFO] Оценка параметров: покрыто 12/12 точек, лишних кругов 627, итоговый счет 0.3
2025-08-22 16:05:22.715 [INFO] Оценка параметров: покрыто 12/12 точек, лишних кругов 368, итоговый счет 0.3
2025-08-22 16:05:22.880 [INFO] Оценка параметров: покрыто 12/12 точек, лишних кругов 1031, итоговый счет 0.3
2025-08-22 16:05:22.971 [INFO] Оценка параметров: покрыто 12/12 точек, лишних кругов 661, итоговый счет 0.3
2025-08-22 16:05:23.039 [INFO] Оценка параметров: покрыто 12/12 точек, лишних кругов 351, итоговый счет 0.3
2025-08-22 16:05:23.093 [INFO] Оценка параметров: покрыто 12/12 точек, лишних кругов 185, итоговый счет 0.3
2025-08-22 16:05:23.127 [INFO] Оценка параметров: покрыто 12/12 точек, лишних кругов 114, итоговый счет 0.3
2025-08-22 16:05:23.171 [INFO] Оценка параметров: покрыто 12/12 точек, лишних кругов 82, итоговый счет 0.3
2025-08-22 16:05:23.599 [INFO] Оценка параметров: покрыто 12/12 точек, лишних кругов 1265, итоговый счет 0.3
2025-08-22 16:05:23.836 [INFO] Оценка параметров: покрыто 12/12 точек, лишних кругов 949, итоговый счет 0.3
2025-08-22 16:05:23.949 [INFO] Оценка параметров: покрыто 12/12 точек, лишних кругов 621, итоговый счет 0.3
2025-08-22 16:05:24.027 [INFO] Оценка параметров: покрыто 12/12 точек, лишних кругов 374, итоговый счет 0.3
2025-08-22 16:05:24.087 [INFO] Оценка параметров: покрыто 12/12 точек, лишних кругов 201, итоговый счет 0.3
2025-08-22 16:05:24.159 [INFO] Оценка параметров: покрыто 12/12 точек, лишних кругов 115, итоговый счет 0.3
2025-08-22 16:05:25.047 [INFO] Оценка параметров: покрыто 12/12 точек, лишних кругов 1394, итоговый счет 0.3
2025-08-22 16:05:25.573 [INFO] Оценка параметров: покрыто 12/12 точек, лишних кругов 1203, итоговый счет 0.3
2025-08-22 16:05:25.865 [INFO] Оценка параметров: покрыто 12/12 точек, лишних кругов 930, итоговый счет 0.3
2025-08-22 16:05:26.044 [INFO] Оценка параметров: покрыто 12/12 точек, лишних кругов 623, итоговый счет 0.3
2025-08-22 16:05:26.160 [INFO] Оценка параметров: покрыто 12/12 точек, лишних кругов 360, итоговый счет 0.3
2025-08-22 16:05:26.255 [INFO] Оценка параметров: покрыто 12/12 точек, лишних кругов 197, итоговый счет 0.3
2025-08-22 16:05:27.781 [INFO] Оценка параметров: покрыто 12/12 точек, лишних кругов 1451, итоговый счет 0.3
2025-08-22 16:05:28.929 [INFO] Оценка параметров: покрыто 12/12 точек, лишних кругов 1327, итоговый счет 0.3
2025-08-22 16:05:29.544 [INFO] Оценка параметров: покрыто 12/12 точек, лишних кругов 1161, итоговый счет 0.3
2025-08-22 16:05:29.913 [INFO] Оценка параметров: покрыто 12/12 точек, лишних кругов 898, итоговый счет 0.3
2025-08-22 16:05:30.149 [INFO] Оценка параметров: покрыто 12/12 точек, лишних кругов 610, итоговый счет 0.3
2025-08-22 16:05:30.310 [INFO] Оценка параметров: покрыто 12/12 точек, лишних кругов 379, итоговый счет 0.3
2025-08-22 16:05:30.488 [INFO] Оценка параметров: покрыто 12/12 точек, лишних кругов 1004, итоговый счет 0.3
2025-08-22 16:05:30.595 [INFO] Оценка параметров: покрыто 12/12 точек, лишних кругов 637, итоговый счет 0.3
2025-08-22 16:05:30.659 [INFO] Оценка параметров: покрыто 12/12 точек, лишних кругов 348, итоговый счет 0.3
2025-08-22 16:05:30.721 [INFO] Оценка параметров: покрыто 12/12 точек, лишних кругов 164, итоговый счет 0.3
2025-08-22 16:05:30.756 [INFO] Оценка параметров: покрыто 12/12 точек, лишних кругов 94, итоговый счет 0.3
2025-08-22 16:05:30.795 [INFO] Оценка параметров: покрыто 12/12 точек, лишних кругов 70, итоговый счет 0.3
2025-08-22 16:05:31.282 [INFO] Оценка параметров: покрыто 12/12 точек, лишних кругов 1272, итоговый счет 0.3
2025-08-22 16:05:31.519 [INFO] Оценка параметров: покрыто 12/12 точек, лишних кругов 973, итоговый счет 0.3
2025-08-22 16:05:31.634 [INFO] Оценка параметров: покрыто 12/12 точек, лишних кругов 616, итоговый счет 0.3
2025-08-22 16:05:31.722 [INFO] Оценка параметров: покрыто 12/12 точек, лишних кругов 340, итоговый счет 0.3
2025-08-22 16:05:31.800 [INFO] Оценка параметров: покрыто 12/12 точек, лишних кругов 175, итоговый счет 0.3
2025-08-22 16:05:31.873 [INFO] Оценка параметров: покрыто 12/12 точек, лишних кругов 101, итоговый счет 0.3
2025-08-22 16:05:32.877 [INFO] Оценка параметров: покрыто 12/12 точек, лишних кругов 1391, итоговый счет 0.3
2025-08-22 16:05:33.482 [INFO] Оценка параметров: покрыто 12/12 точек, лишних кругов 1186, итоговый счет 0.3
2025-08-22 16:05:33.783 [INFO] Оценка параметров: покрыто 12/12 точек, лишних кругов 913, итоговый счет 0.3
2025-08-22 16:05:33.952 [INFO] Оценка параметров: покрыто 12/12 точек, лишних кругов 623, итоговый счет 0.3
2025-08-22 16:05:34.076 [INFO] Оценка параметров: покрыто 12/12 точек, лишних кругов 359, итоговый счет 0.3
2025-08-22 16:05:34.173 [INFO] Оценка параметров: покрыто 12/12 точек, лишних кругов 195, итоговый счет 0.3
2025-08-22 16:05:35.796 [INFO] Оценка параметров: покрыто 12/12 точек, лишних кругов 1439, итоговый счет 0.3
2025-08-22 16:05:36.937 [INFO] Оценка параметров: покрыто 12/12 точек, лишних кругов 1315, итоговый счет 0.3
2025-08-22 16:05:37.591 [INFO] Оценка параметров: покрыто 12/12 точек, лишних кругов 1151, итоговый счет 0.3
2025-08-22 16:05:38.011 [INFO] Оценка параметров: покрыто 12/12 точек, лишних кругов 894, итоговый счет 0.3
2025-08-22 16:05:38.256 [INFO] Оценка параметров: покрыто 12/12 точек, лишних кругов 613, итоговый счет 0.3
2025-08-22 16:05:38.435 [INFO] Оценка параметров: покрыто 12/12 точек, лишних кругов 384, итоговый счет 0.3
2025-08-22 16:05:38.621 [INFO] Оценка параметров: покрыто 12/12 точек, лишних кругов 1001, итоговый счет 0.3
2025-08-22 16:05:38.722 [INFO] Оценка параметров: покрыто 12/12 точек, лишних кругов 617, итоговый счет 0.3
2025-08-22 16:05:38.793 [INFO] Оценка параметров: покрыто 12/12 точек, лишних кругов 303, итоговый счет 0.3
2025-08-22 16:05:38.850 [INFO] Оценка параметров: покрыто 12/12 точек, лишних кругов 133, итоговый счет 0.3
2025-08-22 16:05:38.901 [INFO] Оценка параметров: покрыто 12/12 точек, лишних кругов 78, итоговый счет 0.3
2025-08-22 16:05:38.945 [INFO] Оценка параметров: покрыто 12/12 точек, лишних кругов 68, итоговый счет 0.3
2025-08-22 16:05:39.483 [INFO] Оценка параметров: покрыто 12/12 точек, лишних кругов 1232, итоговый счет 0.3
2025-08-22 16:05:39.730 [INFO] Оценка параметров: покрыто 12/12 точек, лишних кругов 953, итоговый счет 0.3
2025-08-22 16:05:39.855 [INFO] Оценка параметров: покрыто 12/12 точек, лишних кругов 605, итоговый счет 0.3
2025-08-22 16:05:39.953 [INFO] Оценка параметров: покрыто 12/12 точек, лишних кругов 320, итоговый счет 0.3
2025-08-22 16:05:40.042 [INFO] Оценка параметров: покрыто 12/12 точек, лишних кругов 150, итоговый счет 0.3
2025-08-22 16:05:40.096 [INFO] Оценка параметров: покрыто 12/12 точек, лишних кругов 88, итоговый счет 0.3
2025-08-22 16:05:41.070 [INFO] Оценка параметров: покрыто 12/12 точек, лишних кругов 1398, итоговый счет 0.3
2025-08-22 16:05:41.687 [INFO] Оценка параметров: покрыто 12/12 точек, лишних кругов 1200, итоговый счет 0.3
2025-08-22 16:05:42.024 [INFO] Оценка параметров: покрыто 12/12 точек, лишних кругов 898, итоговый счет 0.3
2025-08-22 16:05:42.213 [INFO] Оценка параметров: покрыто 12/12 точек, лишних кругов 594, итоговый счет 0.3
2025-08-22 16:05:42.351 [INFO] Оценка параметров: покрыто 12/12 точек, лишних кругов 352, итоговый счет 0.3
2025-08-22 16:05:42.461 [INFO] Оценка параметров: покрыто 12/12 точек, лишних кругов 180, итоговый счет 0.3
2025-08-22 16:05:44.308 [INFO] Оценка параметров: покрыто 12/12 точек, лишних кругов 1442, итоговый счет 0.3
2025-08-22 16:05:45.528 [INFO] Оценка параметров: покрыто 12/12 точек, лишних кругов 1331, итоговый счет 0.3
2025-08-22 16:05:46.241 [INFO] Оценка параметров: покрыто 12/12 точек, лишних кругов 1166, итоговый счет 0.3
2025-08-22 16:05:46.645 [INFO] Оценка параметров: покрыто 12/12 точек, лишних кругов 899, итоговый счет 0.3
2025-08-22 16:05:46.925 [INFO] Оценка параметров: покрыто 12/12 точек, лишних кругов 629, итоговый счет 0.3
2025-08-22 16:05:47.103 [INFO] Оценка параметров: покрыто 12/12 точек, лишних кругов 396, итоговый счет 0.3
2025-08-22 16:05:47.103 [INFO] Лучший результат: 0.3 за 94443мс (может покрывать не все точки)
2025-08-22 16:08:57.088 [INFO] ParameterTuningWidget::onConfirmClicked() called
2025-08-22 16:08:57.088 [INFO] Parameters: dp=1, minDist=51.27, param1=85, param2=59, minRadius=29, maxRadius=130
2025-08-22 16:08:57.088 [INFO] MainWindow::onParametersConfirmed() called
2025-08-22 16:08:57.088 [INFO] Saving parameters to settings
2025-08-22 16:08:57.089 [INFO] Parameters saved successfully
2025-08-22 16:08:57.089 [INFO] Cleaning up parameter tuning widget
2025-08-22 16:08:57.089 [INFO] Parameter tuning widget cleaned up
2025-08-22 16:08:57.089 [INFO] Creating ImageProcessor
2025-08-22 16:08:57.089 [INFO] ImageProcessor created
2025-08-22 16:08:57.089 [INFO] ImageProcessor created successfully
2025-08-22 16:08:57.089 [INFO] Processing 1 images
2025-08-22 16:08:57.089 [INFO] Processing 1 images
2025-08-22 16:08:57.143 [INFO] Scale detected: 100 nm over 61.0737 pixels = 0.00163737 μm/pixel
2025-08-22 16:08:57.143 [INFO] Scale detected: 0.00163737 μm/pixel
2025-08-22 16:08:57.146 [INFO] Processing complete. Detected 65 cells total
2025-08-22 16:08:57.146 [INFO] Images processed successfully
2025-08-22 16:08:57.146 [INFO] Detected 65 cells
2025-08-22 16:08:57.146 [INFO] Cleaning up old verification widget
2025-08-22 16:08:57.146 [INFO] Creating copy of detected cells
2025-08-22 16:08:57.146 [INFO] Copied 65 cells
2025-08-22 16:08:57.146 [INFO] ImageProcessor destroyed
2025-08-22 16:08:57.146 [INFO] ImageProcessor deleted
2025-08-22 16:08:57.146 [INFO] Creating VerificationWidget
2025-08-22 16:08:57.146 [INFO] VerificationWidget constructor called
2025-08-22 16:08:57.146 [INFO] Received 65 cells
2025-08-22 16:08:57.147 [INFO] Main layout created
2025-08-22 16:08:57.147 [INFO] VerificationWidget UI setup completed
2025-08-22 16:08:57.147 [INFO] setupGridView() called
2025-08-22 16:08:57.147 [INFO] Number of cells to display: 65
2025-08-22 16:08:57.147 [INFO] Cleaning up widgets
2025-08-22 16:08:57.147 [INFO] Widget cleanup completed
2025-08-22 16:08:57.147 [INFO] Grid layout: width=70, columns=1
2025-08-22 16:08:57.167 [INFO] setupGridView() completed. Created 65 widgets
2025-08-22 16:08:57.167 [INFO] VerificationWidget created successfully
2025-08-22 16:08:57.167 [INFO] Connecting analysisCompleted signal
2025-08-22 16:08:57.167 [INFO] Setting VerificationWidget as central widget
2025-08-22 16:08:57.189 [INFO] onParametersConfirmed() completed successfully
2025-08-22 16:08:57.189 [INFO] parametersConfirmed signal emitted
2025-08-22 16:08:57.387 [INFO] setupGridView() called
2025-08-22 16:08:57.387 [INFO] Number of cells to display: 65
2025-08-22 16:08:57.387 [INFO] Cleaning up widgets
2025-08-22 16:08:57.388 [INFO] Widget cleanup completed
2025-08-22 16:08:57.388 [INFO] Grid layout: width=1261, columns=7
2025-08-22 16:08:57.413 [INFO] setupGridView() completed. Created 65 widgets
2025-08-22 16:09:10.705 [INFO] setupGridView() called
2025-08-22 16:09:10.705 [INFO] Number of cells to display: 64
2025-08-22 16:09:10.706 [INFO] Cleaning up widgets
2025-08-22 16:09:10.706 [INFO] Widget cleanup completed
2025-08-22 16:09:10.706 [INFO] Grid layout: width=1261, columns=7
2025-08-22 16:09:10.731 [INFO] setupGridView() completed. Created 64 widgets
2025-08-22 16:09:19.782 [INFO] setupGridView() called
2025-08-22 16:09:19.782 [INFO] Number of cells to display: 63
2025-08-22 16:09:19.782 [INFO] Cleaning up widgets
2025-08-22 16:09:19.782 [INFO] Widget cleanup completed
2025-08-22 16:09:19.782 [INFO] Grid layout: width=1261, columns=7
2025-08-22 16:09:19.805 [INFO] setupGridView() completed. Created 63 widgets
2025-08-22 16:14:04.111 [INFO] Analysis completed, returning to main screen
2025-08-22 16:14:04.112 [INFO] VerificationWidget destructor called
2025-08-22 16:14:04.112 [INFO] Cleaning up widgets
2025-08-22 16:14:04.113 [INFO] Widget cleanup completed
2025-08-22 16:14:54.273 [INFO] ParameterTuningWidget::onConfirmClicked() called
2025-08-22 16:14:54.273 [INFO] Parameters: dp=1, minDist=51.27, param1=85, param2=55, minRadius=30, maxRadius=130
2025-08-22 16:14:54.273 [INFO] MainWindow::onParametersConfirmed() called
2025-08-22 16:14:54.273 [INFO] Saving parameters to settings
2025-08-22 16:14:54.273 [INFO] Parameters saved successfully
2025-08-22 16:14:54.273 [INFO] Cleaning up parameter tuning widget
2025-08-22 16:14:54.273 [INFO] Parameter tuning widget cleaned up
2025-08-22 16:14:54.273 [INFO] Creating ImageProcessor
2025-08-22 16:14:54.273 [INFO] ImageProcessor created
2025-08-22 16:14:54.273 [INFO] ImageProcessor created successfully
2025-08-22 16:14:54.273 [INFO] Processing 1 images
2025-08-22 16:14:54.273 [INFO] Processing 1 images
2025-08-22 16:14:54.332 [INFO] Scale detected: 100 nm over 61.0737 pixels = 0.00163737 μm/pixel
2025-08-22 16:14:54.332 [INFO] Scale detected: 0.00163737 μm/pixel
2025-08-22 16:14:54.336 [INFO] Processing complete. Detected 65 cells total
2025-08-22 16:14:54.336 [INFO] Images processed successfully
2025-08-22 16:14:54.336 [INFO] Detected 65 cells
2025-08-22 16:14:54.336 [INFO] Cleaning up old verification widget
2025-08-22 16:15:00.265 [INFO] ==================================================
2025-08-22 16:15:00.265 [INFO] CellAnalyzer application started
2025-08-22 16:15:00.265 [INFO] ==================================================
2025-08-22 16:15:08.703 [INFO] ParameterTuningWidget::onConfirmClicked() called
2025-08-22 16:15:08.703 [INFO] Parameters: dp=1, minDist=51.27, param1=85, param2=55, minRadius=30, maxRadius=130
2025-08-22 16:15:08.703 [INFO] MainWindow::onParametersConfirmed() called
2025-08-22 16:15:08.703 [INFO] Saving parameters to settings
2025-08-22 16:15:08.704 [INFO] Parameters saved successfully
2025-08-22 16:15:08.704 [INFO] Cleaning up parameter tuning widget
2025-08-22 16:15:08.704 [INFO] Parameter tuning widget cleaned up
2025-08-22 16:15:08.704 [INFO] Creating ImageProcessor
2025-08-22 16:15:08.704 [INFO] ImageProcessor created
2025-08-22 16:15:08.704 [INFO] ImageProcessor created successfully
2025-08-22 16:15:08.704 [INFO] Processing 1 images
2025-08-22 16:15:08.704 [INFO] Processing 1 images
2025-08-22 16:15:08.779 [INFO] Scale detected: 100 nm over 61.0737 pixels = 0.00163737 μm/pixel
2025-08-22 16:15:08.779 [INFO] Scale detected: 0.00163737 μm/pixel
2025-08-22 16:15:08.786 [INFO] Processing complete. Detected 65 cells total
2025-08-22 16:15:08.786 [INFO] Images processed successfully
2025-08-22 16:15:08.786 [INFO] Detected 65 cells
2025-08-22 16:15:08.786 [INFO] Cleaning up old verification widget
2025-08-22 16:15:08.786 [INFO] Creating copy of detected cells
2025-08-22 16:15:08.786 [INFO] Copied 65 cells
2025-08-22 16:15:08.786 [INFO] ImageProcessor destroyed
2025-08-22 16:15:08.786 [INFO] ImageProcessor deleted
2025-08-22 16:15:08.786 [INFO] Creating VerificationWidget
2025-08-22 16:15:08.787 [INFO] VerificationWidget constructor called
2025-08-22 16:15:08.787 [INFO] Received 65 cells
2025-08-22 16:15:08.787 [INFO] Main layout created
2025-08-22 16:15:08.787 [INFO] VerificationWidget UI setup completed
2025-08-22 16:15:08.787 [INFO] setupGridView() called
2025-08-22 16:15:08.787 [INFO] Number of cells to display: 65
2025-08-22 16:15:08.787 [INFO] Cleaning up widgets
2025-08-22 16:15:08.787 [INFO] Widget cleanup completed
2025-08-22 16:15:08.787 [INFO] Grid layout: width=70, columns=1
2025-08-22 16:15:08.808 [INFO] setupGridView() completed. Created 65 widgets
2025-08-22 16:15:08.808 [INFO] VerificationWidget created successfully
2025-08-22 16:15:08.808 [INFO] Connecting analysisCompleted signal
2025-08-22 16:15:08.808 [INFO] Setting VerificationWidget as central widget
2025-08-22 16:15:08.832 [INFO] onParametersConfirmed() completed successfully
2025-08-22 16:15:08.832 [INFO] parametersConfirmed signal emitted
2025-08-22 16:15:09.035 [INFO] setupGridView() called
2025-08-22 16:15:09.035 [INFO] Number of cells to display: 65
2025-08-22 16:15:09.035 [INFO] Cleaning up widgets
2025-08-22 16:15:09.035 [INFO] Widget cleanup completed
2025-08-22 16:15:09.035 [INFO] Grid layout: width=976, columns=5
2025-08-22 16:15:09.064 [INFO] setupGridView() completed. Created 65 widgets
2025-08-22 16:15:19.952 [INFO] setupGridView() called
2025-08-22 16:15:19.952 [INFO] Number of cells to display: 64
2025-08-22 16:15:19.952 [INFO] Cleaning up widgets
2025-08-22 16:15:19.952 [INFO] Widget cleanup completed
2025-08-22 16:15:19.952 [INFO] Grid layout: width=976, columns=5
2025-08-22 16:15:19.978 [INFO] setupGridView() completed. Created 64 widgets
2025-08-22 16:20:45.696 [INFO] VerificationWidget destructor called
2025-08-22 16:20:45.696 [INFO] Cleaning up widgets
2025-08-22 16:20:45.700 [INFO] Widget cleanup completed
2025-08-22 16:44:01.960 [INFO] ==================================================
2025-08-22 16:44:01.960 [INFO] CellAnalyzer application started
2025-08-22 16:44:01.960 [INFO] ==================================================
2025-08-22 16:44:06.507 [INFO] Пресет 'По умолчанию' применен автоматически
2025-08-22 16:44:12.017 [INFO] Пресет 'ТИМ' применен автоматически
2025-08-22 16:44:15.339 [INFO] Пресет '123' применен автоматически
2025-08-22 16:44:17.083 [INFO] Пресет '111' применен автоматически
2025-08-22 16:44:19.305 [INFO] Пресет '123' применен автоматически
2025-08-22 16:44:19.365 [INFO] Пресет 'По умолчанию' применен автоматически
2025-08-22 16:44:19.426 [INFO] Пресет 'По умолчанию' применен автоматически
2025-08-22 16:44:19.427 [INFO] Пресет '111' удален
2025-08-22 16:44:20.549 [INFO] Пресет '11' применен автоматически
2025-08-22 16:44:21.867 [INFO] Пресет '123' применен автоматически
2025-08-22 16:44:21.923 [INFO] Пресет 'По умолчанию' применен автоматически
2025-08-22 16:44:21.990 [INFO] Пресет 'По умолчанию' применен автоматически
2025-08-22 16:44:21.990 [INFO] Пресет '11' удален
2025-08-22 16:44:22.891 [INFO] Пресет '123' применен автоматически
2025-08-22 16:44:24.448 [INFO] Пресет 'ТИМ' применен автоматически
2025-08-22 16:44:24.507 [INFO] Пресет 'По умолчанию' применен автоматически
2025-08-22 16:44:24.565 [INFO] Пресет 'По умолчанию' применен автоматически
2025-08-22 16:44:24.565 [INFO] Пресет '123' удален
2025-08-22 16:44:25.762 [INFO] Пресет 'ТИМ' применен автоматически
2025-08-22 16:46:13.604 [INFO] Пресет 'По умолчанию' применен автоматически
2025-08-22 16:46:13.605 [INFO] Загружен пресет 'ТИМ' с коэффициентом 0.973614 нм/px
2025-08-22 16:46:13.688 [INFO] Пресет 'ТИМ' применен автоматически
2025-08-22 16:46:13.689 [INFO] Сохранен пресет 'ТИМ' с коэффициентом 0.973614 нм/px
2025-08-22 16:46:18.998 [INFO] ParameterTuningWidget::onConfirmClicked() called
2025-08-22 16:46:18.998 [INFO] Parameters: dp=1, minDist=30, param1=85, param2=42, minRadius=30, maxRadius=150
2025-08-22 16:46:18.998 [INFO] MainWindow::onParametersConfirmed() called
2025-08-22 16:46:18.998 [INFO] Saving parameters to settings
2025-08-22 16:46:18.998 [INFO] Parameters saved successfully
2025-08-22 16:46:18.998 [INFO] Cleaning up parameter tuning widget
2025-08-22 16:46:18.999 [INFO] Parameter tuning widget cleaned up
2025-08-22 16:46:18.999 [INFO] Creating ImageProcessor
2025-08-22 16:46:18.999 [INFO] ImageProcessor created
2025-08-22 16:46:18.999 [INFO] ImageProcessor created successfully
2025-08-22 16:46:18.999 [INFO] Processing 1 images
2025-08-22 16:46:18.999 [INFO] Processing 1 images
2025-08-22 16:46:19.110 [INFO] Scale detected: 100 nm over 61.0737 pixels = 0.00163737 μm/pixel
2025-08-22 16:46:19.110 [INFO] Scale detected: 0.00163737 μm/pixel
2025-08-22 16:46:19.116 [INFO] Processing complete. Detected 67 cells total
2025-08-22 16:46:19.116 [INFO] Images processed successfully
2025-08-22 16:46:19.116 [INFO] Detected 67 cells
2025-08-22 16:46:19.116 [INFO] Cleaning up old verification widget
2025-08-22 16:46:19.116 [INFO] Creating copy of detected cells
2025-08-22 16:46:19.116 [INFO] Copied 67 cells
2025-08-22 16:46:19.116 [INFO] ImageProcessor destroyed
2025-08-22 16:46:19.116 [INFO] ImageProcessor deleted
2025-08-22 16:46:19.116 [INFO] Creating VerificationWidget
2025-08-22 16:46:19.116 [INFO] VerificationWidget constructor called
2025-08-22 16:46:19.116 [INFO] Received 67 cells
2025-08-22 16:46:19.116 [INFO] Main layout created
2025-08-22 16:46:19.117 [INFO] VerificationWidget UI setup completed
2025-08-22 16:46:19.117 [INFO] setupGridView() called
2025-08-22 16:46:19.117 [INFO] Number of cells to display: 67
2025-08-22 16:46:19.117 [INFO] Cleaning up widgets
2025-08-22 16:46:19.117 [INFO] Widget cleanup completed
2025-08-22 16:46:19.117 [INFO] Grid layout: width=70, columns=1
2025-08-22 16:46:19.138 [INFO] setupGridView() completed. Created 67 widgets
2025-08-22 16:46:19.139 [INFO] VerificationWidget created successfully
2025-08-22 16:46:19.139 [INFO] Connecting analysisCompleted signal
2025-08-22 16:46:19.139 [INFO] Setting VerificationWidget as central widget
2025-08-22 16:46:19.162 [INFO] onParametersConfirmed() completed successfully
2025-08-22 16:46:19.162 [INFO] parametersConfirmed signal emitted
2025-08-22 16:46:19.366 [INFO] setupGridView() called
2025-08-22 16:46:19.366 [INFO] Number of cells to display: 67
2025-08-22 16:46:19.366 [INFO] Cleaning up widgets
2025-08-22 16:46:19.366 [INFO] Widget cleanup completed
2025-08-22 16:46:19.366 [INFO] Grid layout: width=1223, columns=7
2025-08-22 16:46:19.395 [INFO] setupGridView() completed. Created 67 widgets
2025-08-22 16:46:28.390 [INFO] setupGridView() called
2025-08-22 16:46:28.390 [INFO] Number of cells to display: 66
2025-08-22 16:46:28.390 [INFO] Cleaning up widgets
2025-08-22 16:46:28.390 [INFO] Widget cleanup completed
2025-08-22 16:46:28.390 [INFO] Grid layout: width=1223, columns=7
2025-08-22 16:46:28.416 [INFO] setupGridView() completed. Created 66 widgets
2025-08-22 16:46:29.612 [INFO] setupGridView() called
2025-08-22 16:46:29.612 [INFO] Number of cells to display: 65
2025-08-22 16:46:29.612 [INFO] Cleaning up widgets
2025-08-22 16:46:29.613 [INFO] Widget cleanup completed
2025-08-22 16:46:29.613 [INFO] Grid layout: width=1223, columns=7
2025-08-22 16:46:29.638 [INFO] setupGridView() completed. Created 65 widgets
2025-08-22 16:47:44.260 [INFO] Recalculated with coefficient: 1.0188 μm/px
2025-08-22 16:48:46.787 [INFO] Recalculated with coefficient: 1.01889 μm/px
2025-08-22 16:48:53.925 [INFO] Save cells button clicked
2025-08-22 16:48:53.929 [INFO] CSV exported to: D:/github/cell-analyzer/results/cell_analysis_2025-08-22_16-48-53.csv
2025-08-22 16:48:53.932 [INFO] saveDebugImage called: originalImagePath=D:/github/cell-analyzer/TIM1.jpg, outputPath=D:/github/cell-analyzer/results/TIM1_highlighted.png, cells count=65
2025-08-22 16:48:53.942 [INFO] Original image loaded: 1388x1040
2025-08-22 16:48:53.942 [INFO] Drew 55 rectangles on debug image
2025-08-22 16:48:53.995 [INFO] Debug image saved successfully to: D:/github/cell-analyzer/results/TIM1_highlighted.png
2025-08-22 16:49:07.971 [INFO] Analysis completed, returning to main screen
2025-08-22 16:49:07.973 [INFO] VerificationWidget destructor called
2025-08-22 16:49:07.973 [INFO] Cleaning up widgets
2025-08-22 16:49:07.973 [INFO] Widget cleanup completed
2025-08-22 16:49:35.787 [INFO] MainWindow::onParametersConfirmed() called
2025-08-22 16:49:35.787 [INFO] Saving parameters to settings
2025-08-22 16:49:35.788 [INFO] Parameters saved successfully
2025-08-22 16:49:35.788 [INFO] Cleaning up parameter tuning widget
2025-08-22 16:49:35.788 [INFO] Creating ImageProcessor
2025-08-22 16:49:35.788 [INFO] ImageProcessor created
2025-08-22 16:49:35.788 [INFO] ImageProcessor created successfully
2025-08-22 16:49:35.788 [INFO] Processing 3 images
2025-08-22 16:49:35.788 [INFO] Processing 3 images
2025-08-22 16:49:35.803 [INFO] Изображение загружено через QImage: F:/Kravchenko/Адипоциты ИБС/2017_06_20 Пациент 1_17 Матковский/ПЖТ3.jpg
2025-08-22 16:49:35.804 [INFO] Изображение загружено через QImage: F:/Kravchenko/Адипоциты ИБС/2017_06_20 Пациент 1_17 Матковский/ПЖТ2.jpg
2025-08-22 16:49:35.807 [INFO] Изображение загружено через QImage: F:/Kravchenko/Адипоциты ИБС/2017_06_20 Пациент 1_17 Матковский/ПЖТ1.jpg
2025-08-22 16:49:37.476 [INFO] Scale detected: 100 nm over 76.0263 pixels = 0.00131533 μm/pixel
2025-08-22 16:49:37.528 [INFO] Scale detected: 100 nm over 86 pixels = 0.00116279 μm/pixel
2025-08-22 16:49:41.808 [INFO] Scale detected: 100 nm over 110.073 pixels = 0.00090849 μm/pixel
2025-08-22 16:49:42.054 [INFO] Processing complete. Detected 1286 cells total
2025-08-22 16:49:42.054 [INFO] Images processed successfully
2025-08-22 16:49:42.054 [INFO] Detected 1286 cells
2025-08-22 16:49:42.054 [INFO] Cleaning up old verification widget
2025-08-22 16:49:49.173 [INFO] ==================================================
2025-08-22 16:49:49.174 [INFO] CellAnalyzer application started
2025-08-22 16:49:49.174 [INFO] ==================================================
2025-08-22 16:49:59.190 [INFO] MainWindow::onParametersConfirmed() called
2025-08-22 16:49:59.190 [INFO] Saving parameters to settings
2025-08-22 16:49:59.190 [INFO] Parameters saved successfully
2025-08-22 16:49:59.190 [INFO] Cleaning up parameter tuning widget
2025-08-22 16:49:59.190 [INFO] Creating ImageProcessor
2025-08-22 16:49:59.190 [INFO] ImageProcessor created
2025-08-22 16:49:59.191 [INFO] ImageProcessor created successfully
2025-08-22 16:49:59.191 [INFO] Processing 3 images
2025-08-22 16:49:59.191 [INFO] Processing 3 images
2025-08-22 16:49:59.203 [INFO] Изображение загружено через QImage: F:/Kravchenko/Адипоциты ИБС/2017_06_20 Пациент 1_17 Матковский/ПЖТ3.jpg
2025-08-22 16:49:59.203 [INFO] Изображение загружено через QImage: F:/Kravchenko/Адипоциты ИБС/2017_06_20 Пациент 1_17 Матковский/ПЖТ1.jpg
2025-08-22 16:49:59.209 [INFO] Изображение загружено через QImage: F:/Kravchenko/Адипоциты ИБС/2017_06_20 Пациент 1_17 Матковский/ПЖТ2.jpg
2025-08-22 16:49:59.568 [INFO] Scale detected: 100 nm over 86 pixels = 0.00116279 μm/pixel
2025-08-22 16:50:05.061 [INFO] Scale detected: 100 nm over 110.073 pixels = 0.00090849 μm/pixel
2025-08-22 16:50:05.307 [INFO] Scale detected: 100 nm over 76.0263 pixels = 0.00131533 μm/pixel
2025-08-22 16:50:05.598 [INFO] Processing complete. Detected 1286 cells total
2025-08-22 16:50:05.598 [INFO] Images processed successfully
2025-08-22 16:50:05.598 [INFO] Detected 1286 cells
2025-08-22 16:50:05.598 [INFO] Cleaning up old verification widget
2025-08-22 16:50:05.598 [INFO] Creating copy of detected cells
2025-08-22 16:50:05.598 [INFO] Copied 1286 cells
2025-08-22 16:50:05.599 [INFO] ImageProcessor destroyed
2025-08-22 16:50:05.599 [INFO] ImageProcessor deleted
2025-08-22 16:50:05.599 [INFO] Creating VerificationWidget
2025-08-22 16:50:05.599 [INFO] VerificationWidget constructor called
2025-08-22 16:50:05.599 [INFO] Received 1286 cells
2025-08-22 16:50:05.599 [INFO] Main layout created
2025-08-22 16:50:05.599 [INFO] VerificationWidget UI setup completed
2025-08-22 16:50:05.599 [INFO] setupGridView() called
2025-08-22 16:50:05.599 [INFO] Number of cells to display: 1286
2025-08-22 16:50:05.599 [INFO] Cleaning up widgets
2025-08-22 16:50:05.599 [INFO] Widget cleanup completed
2025-08-22 16:50:05.599 [INFO] Grid layout: width=70, columns=1
2025-08-22 16:50:06.217 [INFO] setupGridView() completed. Created 1286 widgets
2025-08-22 16:50:06.217 [INFO] VerificationWidget created successfully
2025-08-22 16:50:06.217 [INFO] Connecting analysisCompleted signal
2025-08-22 16:50:06.217 [INFO] Setting VerificationWidget as central widget
2025-08-22 16:50:06.654 [INFO] onParametersConfirmed() completed successfully
2025-08-22 16:50:06.875 [INFO] setupGridView() called
2025-08-22 16:50:06.875 [INFO] Number of cells to display: 1286
2025-08-22 16:50:06.875 [INFO] Cleaning up widgets
2025-08-22 16:50:06.878 [INFO] Widget cleanup completed
2025-08-22 16:50:06.878 [INFO] Grid layout: width=976, columns=5
2025-08-22 16:50:07.634 [INFO] setupGridView() completed. Created 1286 widgets
2025-08-22 16:50:35.677 [INFO] setupGridView() called
2025-08-22 16:50:35.677 [INFO] Number of cells to display: 1286
2025-08-22 16:50:35.677 [INFO] Cleaning up widgets
2025-08-22 16:50:35.679 [INFO] Widget cleanup completed
2025-08-22 16:50:35.679 [INFO] Grid layout: width=2512, columns=14
2025-08-22 16:50:36.437 [INFO] setupGridView() completed. Created 1286 widgets
2025-08-22 16:50:53.352 [INFO] Analysis completed, returning to main screen
2025-08-22 16:50:53.363 [INFO] VerificationWidget destructor called
2025-08-22 16:50:53.363 [INFO] Cleaning up widgets
2025-08-22 16:50:53.365 [INFO] Widget cleanup completed
